0 x brown
rate_flip: 0.02 threshold: 0.0 acc: 0.3333
rate_flip: 0.02 threshold: 0.01 acc: 0.3367
rate_flip: 0.02 threshold: 0.02 acc: 1.0000
rate_flip: 0.02 threshold: 0.03 acc: 1.0000
rate_flip: 0.02 threshold: 0.04 acc: 1.0000
rate_flip: 0.02 threshold: 0.05 acc: 1.0000
rate_flip: 0.02 threshold: 0.06 acc: 1.0000
rate_flip: 0.02 threshold: 0.07 acc: 1.0000
rate_flip: 0.02 threshold: 0.08 acc: 1.0000
rate_flip: 0.02 threshold: 0.09 acc: 1.0000
rate_flip: 0.02 threshold: 0.1 acc: 1.0000
rate_flip: 0.02 threshold: 0.11 acc: 1.0000
rate_flip: 0.02 threshold: 0.12 acc: 1.0000
rate_flip: 0.02 threshold: 0.13 acc: 1.0000
rate_flip: 0.02 threshold: 0.14 acc: 1.0000
rate_flip: 0.02 threshold: 0.15 acc: 1.0000
rate_flip: 0.02 threshold: 0.16 acc: 1.0000
rate_flip: 0.02 threshold: 0.17 acc: 1.0000
rate_flip: 0.02 threshold: 0.18 acc: 1.0000
rate_flip: 0.02 threshold: 0.19 acc: 1.0000
rate_flip: 0.02 threshold: 0.2 acc: 1.0000
rate_flip: 0.02 threshold: 0.21 acc: 1.0000
rate_flip: 0.02 threshold: 0.22 acc: 1.0000
rate_flip: 0.02 threshold: 0.23 acc: 1.0000
rate_flip: 0.02 threshold: 0.24 acc: 1.0000
rate_flip: 0.02 threshold: 0.25 acc: 1.0000
rate_flip: 0.02 threshold: 0.26 acc: 1.0000
rate_flip: 0.02 threshold: 0.27 acc: 1.0000
rate_flip: 0.02 threshold: 0.28 acc: 1.0000
rate_flip: 0.02 threshold: 0.29 acc: 1.0000
rate_flip: 0.02 threshold: 0.3 acc: 1.0000
rate_flip: 0.02 threshold: 0.31 acc: 1.0000
rate_flip: 0.02 threshold: 0.32 acc: 1.0000
rate_flip: 0.02 threshold: 0.33 acc: 1.0000
rate_flip: 0.02 threshold: 0.34 acc: 1.0000
rate_flip: 0.02 threshold: 0.35 acc: 1.0000
rate_flip: 0.02 threshold: 0.36 acc: 1.0000
rate_flip: 0.02 threshold: 0.37 acc: 1.0000
rate_flip: 0.02 threshold: 0.38 acc: 1.0000
rate_flip: 0.02 threshold: 0.39 acc: 1.0000
rate_flip: 0.02 threshold: 0.4 acc: 1.0000
rate_flip: 0.02 threshold: 0.41 acc: 1.0000
rate_flip: 0.02 threshold: 0.42 acc: 1.0000
rate_flip: 0.02 threshold: 0.43 acc: 1.0000
rate_flip: 0.02 threshold: 0.44 acc: 1.0000
rate_flip: 0.02 threshold: 0.45 acc: 1.0000
rate_flip: 0.02 threshold: 0.46 acc: 1.0000
rate_flip: 0.02 threshold: 0.47 acc: 1.0000
rate_flip: 0.02 threshold: 0.48 acc: 1.0000
rate_flip: 0.02 threshold: 0.49 acc: 1.0000
rate_flip: 0.02 threshold: 0.5 acc: 1.0000
rate_flip: 0.02 threshold: 0.51 acc: 1.0000
rate_flip: 0.02 threshold: 0.52 acc: 1.0000
rate_flip: 0.02 threshold: 0.53 acc: 1.0000
rate_flip: 0.02 threshold: 0.54 acc: 1.0000
rate_flip: 0.02 threshold: 0.55 acc: 1.0000
rate_flip: 0.02 threshold: 0.56 acc: 1.0000
rate_flip: 0.02 threshold: 0.57 acc: 1.0000
rate_flip: 0.02 threshold: 0.58 acc: 1.0000
rate_flip: 0.02 threshold: 0.59 acc: 1.0000
rate_flip: 0.02 threshold: 0.6 acc: 1.0000
rate_flip: 0.02 threshold: 0.61 acc: 1.0000
rate_flip: 0.02 threshold: 0.62 acc: 1.0000
rate_flip: 0.02 threshold: 0.63 acc: 1.0000
rate_flip: 0.02 threshold: 0.64 acc: 1.0000
rate_flip: 0.02 threshold: 0.65 acc: 1.0000
rate_flip: 0.02 threshold: 0.66 acc: 1.0000
rate_flip: 0.02 threshold: 0.67 acc: 1.0000
rate_flip: 0.02 threshold: 0.68 acc: 1.0000
rate_flip: 0.02 threshold: 0.69 acc: 1.0000
rate_flip: 0.02 threshold: 0.7 acc: 1.0000
rate_flip: 0.02 threshold: 0.71 acc: 1.0000
rate_flip: 0.02 threshold: 0.72 acc: 1.0000
rate_flip: 0.02 threshold: 0.73 acc: 1.0000
rate_flip: 0.02 threshold: 0.74 acc: 1.0000
rate_flip: 0.02 threshold: 0.75 acc: 1.0000
rate_flip: 0.02 threshold: 0.76 acc: 1.0000
rate_flip: 0.02 threshold: 0.77 acc: 1.0000
rate_flip: 0.02 threshold: 0.78 acc: 1.0000
rate_flip: 0.02 threshold: 0.79 acc: 1.0000
rate_flip: 0.02 threshold: 0.8 acc: 1.0000
rate_flip: 0.02 threshold: 0.81 acc: 1.0000
rate_flip: 0.02 threshold: 0.82 acc: 1.0000
rate_flip: 0.02 threshold: 0.83 acc: 1.0000
rate_flip: 0.02 threshold: 0.84 acc: 1.0000
rate_flip: 0.02 threshold: 0.85 acc: 1.0000
rate_flip: 0.02 threshold: 0.86 acc: 1.0000
rate_flip: 0.02 threshold: 0.87 acc: 1.0000
rate_flip: 0.02 threshold: 0.88 acc: 1.0000
rate_flip: 0.02 threshold: 0.89 acc: 1.0000
rate_flip: 0.02 threshold: 0.9 acc: 1.0000
rate_flip: 0.02 threshold: 0.91 acc: 1.0000
rate_flip: 0.02 threshold: 0.92 acc: 1.0000
rate_flip: 0.02 threshold: 0.93 acc: 1.0000
rate_flip: 0.02 threshold: 0.94 acc: 1.0000
rate_flip: 0.02 threshold: 0.95 acc: 1.0000
rate_flip: 0.02 threshold: 0.96 acc: 1.0000
rate_flip: 0.02 threshold: 0.97 acc: 1.0000
rate_flip: 0.02 threshold: 0.98 acc: 1.0000
rate_flip: 0.02 threshold: 0.99 acc: 0.9533
rate_flip: 0.02 threshold: 1.0 acc: 0.3333
1 o r
rate_flip: 0.2 threshold: 0.0 acc: 0.3333
rate_flip: 0.2 threshold: 0.01 acc: 0.3333
rate_flip: 0.2 threshold: 0.02 acc: 0.3333
rate_flip: 0.2 threshold: 0.03 acc: 0.3333
rate_flip: 0.2 threshold: 0.04 acc: 0.3333
rate_flip: 0.2 threshold: 0.05 acc: 0.3333
rate_flip: 0.2 threshold: 0.06 acc: 0.3333
rate_flip: 0.2 threshold: 0.07 acc: 0.3333
rate_flip: 0.2 threshold: 0.08 acc: 0.3333
rate_flip: 0.2 threshold: 0.09 acc: 0.3333
rate_flip: 0.2 threshold: 0.1 acc: 0.3333
rate_flip: 0.2 threshold: 0.11 acc: 0.3333
rate_flip: 0.2 threshold: 0.12 acc: 0.3333
rate_flip: 0.2 threshold: 0.13 acc: 0.3333
rate_flip: 0.2 threshold: 0.14 acc: 0.3333
rate_flip: 0.2 threshold: 0.15 acc: 0.3333
rate_flip: 0.2 threshold: 0.16 acc: 0.3533
rate_flip: 0.2 threshold: 0.17 acc: 0.3300
rate_flip: 0.2 threshold: 0.18 acc: 0.4600
rate_flip: 0.2 threshold: 0.19 acc: 0.7233
rate_flip: 0.2 threshold: 0.2 acc: 0.8933
rate_flip: 0.2 threshold: 0.21 acc: 0.9967
rate_flip: 0.2 threshold: 0.22 acc: 1.0000
rate_flip: 0.2 threshold: 0.23 acc: 1.0000
rate_flip: 0.2 threshold: 0.24 acc: 1.0000
rate_flip: 0.2 threshold: 0.25 acc: 1.0000
rate_flip: 0.2 threshold: 0.26 acc: 1.0000
rate_flip: 0.2 threshold: 0.27 acc: 1.0000
rate_flip: 0.2 threshold: 0.28 acc: 1.0000
rate_flip: 0.2 threshold: 0.29 acc: 1.0000
rate_flip: 0.2 threshold: 0.3 acc: 1.0000
rate_flip: 0.2 threshold: 0.31 acc: 1.0000
rate_flip: 0.2 threshold: 0.32 acc: 1.0000
rate_flip: 0.2 threshold: 0.33 acc: 1.0000
rate_flip: 0.2 threshold: 0.34 acc: 1.0000
rate_flip: 0.2 threshold: 0.35 acc: 1.0000
rate_flip: 0.2 threshold: 0.36 acc: 1.0000
rate_flip: 0.2 threshold: 0.37 acc: 1.0000
rate_flip: 0.2 threshold: 0.38 acc: 1.0000
rate_flip: 0.2 threshold: 0.39 acc: 1.0000
rate_flip: 0.2 threshold: 0.4 acc: 1.0000
rate_flip: 0.2 threshold: 0.41 acc: 1.0000
rate_flip: 0.2 threshold: 0.42 acc: 1.0000
rate_flip: 0.2 threshold: 0.43 acc: 1.0000
rate_flip: 0.2 threshold: 0.44 acc: 1.0000
rate_flip: 0.2 threshold: 0.45 acc: 1.0000
rate_flip: 0.2 threshold: 0.46 acc: 1.0000
rate_flip: 0.2 threshold: 0.47 acc: 1.0000
rate_flip: 0.2 threshold: 0.48 acc: 1.0000
rate_flip: 0.2 threshold: 0.49 acc: 1.0000
rate_flip: 0.2 threshold: 0.5 acc: 1.0000
rate_flip: 0.2 threshold: 0.51 acc: 1.0000
rate_flip: 0.2 threshold: 0.52 acc: 1.0000
rate_flip: 0.2 threshold: 0.53 acc: 1.0000
rate_flip: 0.2 threshold: 0.54 acc: 1.0000
rate_flip: 0.2 threshold: 0.55 acc: 1.0000
rate_flip: 0.2 threshold: 0.56 acc: 1.0000
rate_flip: 0.2 threshold: 0.57 acc: 1.0000
rate_flip: 0.2 threshold: 0.58 acc: 1.0000
rate_flip: 0.2 threshold: 0.59 acc: 1.0000
rate_flip: 0.2 threshold: 0.6 acc: 1.0000
rate_flip: 0.2 threshold: 0.61 acc: 1.0000
rate_flip: 0.2 threshold: 0.62 acc: 1.0000
rate_flip: 0.2 threshold: 0.63 acc: 1.0000
rate_flip: 0.2 threshold: 0.64 acc: 1.0000
rate_flip: 0.2 threshold: 0.65 acc: 1.0000
rate_flip: 0.2 threshold: 0.66 acc: 1.0000
rate_flip: 0.2 threshold: 0.67 acc: 1.0000
rate_flip: 0.2 threshold: 0.68 acc: 1.0000
rate_flip: 0.2 threshold: 0.69 acc: 1.0000
rate_flip: 0.2 threshold: 0.7 acc: 1.0000
rate_flip: 0.2 threshold: 0.71 acc: 1.0000
rate_flip: 0.2 threshold: 0.72 acc: 1.0000
rate_flip: 0.2 threshold: 0.73 acc: 1.0000
rate_flip: 0.2 threshold: 0.74 acc: 1.0000
rate_flip: 0.2 threshold: 0.75 acc: 1.0000
rate_flip: 0.2 threshold: 0.76 acc: 1.0000
rate_flip: 0.2 threshold: 0.77 acc: 1.0000
rate_flip: 0.2 threshold: 0.78 acc: 1.0000
rate_flip: 0.2 threshold: 0.79 acc: 1.0000
rate_flip: 0.2 threshold: 0.8 acc: 1.0000
rate_flip: 0.2 threshold: 0.81 acc: 1.0000
rate_flip: 0.2 threshold: 0.82 acc: 0.9167
rate_flip: 0.2 threshold: 0.83 acc: 0.5600
rate_flip: 0.2 threshold: 0.84 acc: 0.3333
rate_flip: 0.2 threshold: 0.85 acc: 0.3333
rate_flip: 0.2 threshold: 0.86 acc: 0.3333
rate_flip: 0.2 threshold: 0.87 acc: 0.3333
rate_flip: 0.2 threshold: 0.88 acc: 0.3333
rate_flip: 0.2 threshold: 0.89 acc: 0.3333
rate_flip: 0.2 threshold: 0.9 acc: 0.3333
rate_flip: 0.2 threshold: 0.91 acc: 0.3333
rate_flip: 0.2 threshold: 0.92 acc: 0.3333
rate_flip: 0.2 threshold: 0.93 acc: 0.3333
rate_flip: 0.2 threshold: 0.94 acc: 0.3333
rate_flip: 0.2 threshold: 0.95 acc: 0.3333
rate_flip: 0.2 threshold: 0.96 acc: 0.3333
rate_flip: 0.2 threshold: 0.97 acc: 0.3333
rate_flip: 0.2 threshold: 0.98 acc: 0.3333
rate_flip: 0.2 threshold: 0.99 acc: 0.3333
rate_flip: 0.2 threshold: 1.0 acc: 0.3333
2 s b
rate_flip: 0.4 threshold: 0.0 acc: 0.3333
rate_flip: 0.4 threshold: 0.01 acc: 0.3333
rate_flip: 0.4 threshold: 0.02 acc: 0.3333
rate_flip: 0.4 threshold: 0.03 acc: 0.3333
rate_flip: 0.4 threshold: 0.04 acc: 0.3333
rate_flip: 0.4 threshold: 0.05 acc: 0.3333
rate_flip: 0.4 threshold: 0.06 acc: 0.3333
rate_flip: 0.4 threshold: 0.07 acc: 0.3333
rate_flip: 0.4 threshold: 0.08 acc: 0.3333
rate_flip: 0.4 threshold: 0.09 acc: 0.3333
rate_flip: 0.4 threshold: 0.1 acc: 0.3333
rate_flip: 0.4 threshold: 0.11 acc: 0.3333
rate_flip: 0.4 threshold: 0.12 acc: 0.3333
rate_flip: 0.4 threshold: 0.13 acc: 0.3333
rate_flip: 0.4 threshold: 0.14 acc: 0.3333
rate_flip: 0.4 threshold: 0.15 acc: 0.3333
rate_flip: 0.4 threshold: 0.16 acc: 0.3333
rate_flip: 0.4 threshold: 0.17 acc: 0.3333
rate_flip: 0.4 threshold: 0.18 acc: 0.3333
rate_flip: 0.4 threshold: 0.19 acc: 0.3333
rate_flip: 0.4 threshold: 0.2 acc: 0.3333
rate_flip: 0.4 threshold: 0.21 acc: 0.3333
rate_flip: 0.4 threshold: 0.22 acc: 0.3333
rate_flip: 0.4 threshold: 0.23 acc: 0.3333
rate_flip: 0.4 threshold: 0.24 acc: 0.3333
rate_flip: 0.4 threshold: 0.25 acc: 0.3333
rate_flip: 0.4 threshold: 0.26 acc: 0.3333
rate_flip: 0.4 threshold: 0.27 acc: 0.3333
rate_flip: 0.4 threshold: 0.28 acc: 0.3333
rate_flip: 0.4 threshold: 0.29 acc: 0.3333
rate_flip: 0.4 threshold: 0.3 acc: 0.3333
rate_flip: 0.4 threshold: 0.31 acc: 0.3333
rate_flip: 0.4 threshold: 0.32 acc: 0.3333
rate_flip: 0.4 threshold: 0.33 acc: 0.3333
rate_flip: 0.4 threshold: 0.34 acc: 0.3167
rate_flip: 0.4 threshold: 0.35 acc: 0.3400
rate_flip: 0.4 threshold: 0.36 acc: 0.4000
rate_flip: 0.4 threshold: 0.37 acc: 0.3933
rate_flip: 0.4 threshold: 0.38 acc: 0.4300
rate_flip: 0.4 threshold: 0.39 acc: 0.4600
rate_flip: 0.4 threshold: 0.4 acc: 0.5367
rate_flip: 0.4 threshold: 0.41 acc: 0.6733
rate_flip: 0.4 threshold: 0.42 acc: 0.8233
rate_flip: 0.4 threshold: 0.43 acc: 0.9300
rate_flip: 0.4 threshold: 0.44 acc: 0.9833
rate_flip: 0.4 threshold: 0.45 acc: 0.9900
rate_flip: 0.4 threshold: 0.46 acc: 0.9967
rate_flip: 0.4 threshold: 0.47 acc: 0.9900
rate_flip: 0.4 threshold: 0.48 acc: 0.9900
rate_flip: 0.4 threshold: 0.49 acc: 0.9900
rate_flip: 0.4 threshold: 0.5 acc: 0.9900
rate_flip: 0.4 threshold: 0.51 acc: 0.9900
rate_flip: 0.4 threshold: 0.52 acc: 0.9900
rate_flip: 0.4 threshold: 0.53 acc: 0.9900
rate_flip: 0.4 threshold: 0.54 acc: 0.9900
rate_flip: 0.4 threshold: 0.55 acc: 0.9900
rate_flip: 0.4 threshold: 0.56 acc: 0.9933
rate_flip: 0.4 threshold: 0.57 acc: 0.9933
rate_flip: 0.4 threshold: 0.58 acc: 0.9867
rate_flip: 0.4 threshold: 0.59 acc: 0.9800
rate_flip: 0.4 threshold: 0.6 acc: 0.9000
rate_flip: 0.4 threshold: 0.61 acc: 0.7833
rate_flip: 0.4 threshold: 0.62 acc: 0.6300
rate_flip: 0.4 threshold: 0.63 acc: 0.5267
rate_flip: 0.4 threshold: 0.64 acc: 0.4100
rate_flip: 0.4 threshold: 0.65 acc: 0.3333
rate_flip: 0.4 threshold: 0.66 acc: 0.3333
rate_flip: 0.4 threshold: 0.67 acc: 0.3333
rate_flip: 0.4 threshold: 0.68 acc: 0.3333
rate_flip: 0.4 threshold: 0.69 acc: 0.3333
rate_flip: 0.4 threshold: 0.7 acc: 0.3333
rate_flip: 0.4 threshold: 0.71 acc: 0.3333
rate_flip: 0.4 threshold: 0.72 acc: 0.3333
rate_flip: 0.4 threshold: 0.73 acc: 0.3333
rate_flip: 0.4 threshold: 0.74 acc: 0.3333
rate_flip: 0.4 threshold: 0.75 acc: 0.3333
rate_flip: 0.4 threshold: 0.76 acc: 0.3333
rate_flip: 0.4 threshold: 0.77 acc: 0.3333
rate_flip: 0.4 threshold: 0.78 acc: 0.3333
rate_flip: 0.4 threshold: 0.79 acc: 0.3333
rate_flip: 0.4 threshold: 0.8 acc: 0.3333
rate_flip: 0.4 threshold: 0.81 acc: 0.3333
rate_flip: 0.4 threshold: 0.82 acc: 0.3333
rate_flip: 0.4 threshold: 0.83 acc: 0.3333
rate_flip: 0.4 threshold: 0.84 acc: 0.3333
rate_flip: 0.4 threshold: 0.85 acc: 0.3333
rate_flip: 0.4 threshold: 0.86 acc: 0.3333
rate_flip: 0.4 threshold: 0.87 acc: 0.3333
rate_flip: 0.4 threshold: 0.88 acc: 0.3333
rate_flip: 0.4 threshold: 0.89 acc: 0.3333
rate_flip: 0.4 threshold: 0.9 acc: 0.3333
rate_flip: 0.4 threshold: 0.91 acc: 0.3333
rate_flip: 0.4 threshold: 0.92 acc: 0.3333
rate_flip: 0.4 threshold: 0.93 acc: 0.3333
rate_flip: 0.4 threshold: 0.94 acc: 0.3333
rate_flip: 0.4 threshold: 0.95 acc: 0.3333
rate_flip: 0.4 threshold: 0.96 acc: 0.3333
rate_flip: 0.4 threshold: 0.97 acc: 0.3333
rate_flip: 0.4 threshold: 0.98 acc: 0.3333
rate_flip: 0.4 threshold: 0.99 acc: 0.3333
rate_flip: 0.4 threshold: 1.0 acc: 0.3333
3 . g
rate_flip: 0.5 threshold: 0.0 acc: 0.3333
rate_flip: 0.5 threshold: 0.01 acc: 0.3333
rate_flip: 0.5 threshold: 0.02 acc: 0.3333
rate_flip: 0.5 threshold: 0.03 acc: 0.3333
rate_flip: 0.5 threshold: 0.04 acc: 0.3333
rate_flip: 0.5 threshold: 0.05 acc: 0.3333
rate_flip: 0.5 threshold: 0.06 acc: 0.3333
rate_flip: 0.5 threshold: 0.07 acc: 0.3333
rate_flip: 0.5 threshold: 0.08 acc: 0.3333
rate_flip: 0.5 threshold: 0.09 acc: 0.3333
rate_flip: 0.5 threshold: 0.1 acc: 0.3333
rate_flip: 0.5 threshold: 0.11 acc: 0.3333
rate_flip: 0.5 threshold: 0.12 acc: 0.3333
rate_flip: 0.5 threshold: 0.13 acc: 0.3333
rate_flip: 0.5 threshold: 0.14 acc: 0.3333
rate_flip: 0.5 threshold: 0.15 acc: 0.3333
rate_flip: 0.5 threshold: 0.16 acc: 0.3333
rate_flip: 0.5 threshold: 0.17 acc: 0.3333
rate_flip: 0.5 threshold: 0.18 acc: 0.3333
rate_flip: 0.5 threshold: 0.19 acc: 0.3333
rate_flip: 0.5 threshold: 0.2 acc: 0.3333
rate_flip: 0.5 threshold: 0.21 acc: 0.3333
rate_flip: 0.5 threshold: 0.22 acc: 0.3333
rate_flip: 0.5 threshold: 0.23 acc: 0.3333
rate_flip: 0.5 threshold: 0.24 acc: 0.3333
rate_flip: 0.5 threshold: 0.25 acc: 0.3333
rate_flip: 0.5 threshold: 0.26 acc: 0.3333
rate_flip: 0.5 threshold: 0.27 acc: 0.3333
rate_flip: 0.5 threshold: 0.28 acc: 0.3333
rate_flip: 0.5 threshold: 0.29 acc: 0.3333
rate_flip: 0.5 threshold: 0.3 acc: 0.3333
rate_flip: 0.5 threshold: 0.31 acc: 0.3333
rate_flip: 0.5 threshold: 0.32 acc: 0.3333
rate_flip: 0.5 threshold: 0.33 acc: 0.3333
rate_flip: 0.5 threshold: 0.34 acc: 0.3333
rate_flip: 0.5 threshold: 0.35 acc: 0.3333
rate_flip: 0.5 threshold: 0.36 acc: 0.3333
rate_flip: 0.5 threshold: 0.37 acc: 0.3333
rate_flip: 0.5 threshold: 0.38 acc: 0.3333
rate_flip: 0.5 threshold: 0.39 acc: 0.3333
rate_flip: 0.5 threshold: 0.4 acc: 0.3333
rate_flip: 0.5 threshold: 0.41 acc: 0.3333
rate_flip: 0.5 threshold: 0.42 acc: 0.3333
rate_flip: 0.5 threshold: 0.43 acc: 0.3333
rate_flip: 0.5 threshold: 0.44 acc: 0.3333
rate_flip: 0.5 threshold: 0.45 acc: 0.3400
rate_flip: 0.5 threshold: 0.46 acc: 0.3900
rate_flip: 0.5 threshold: 0.47 acc: 0.3500
rate_flip: 0.5 threshold: 0.48 acc: 0.3933
rate_flip: 0.5 threshold: 0.49 acc: 0.3633
rate_flip: 0.5 threshold: 0.5 acc: 0.3533
rate_flip: 0.5 threshold: 0.51 acc: 0.3767
rate_flip: 0.5 threshold: 0.52 acc: 0.3767
rate_flip: 0.5 threshold: 0.53 acc: 0.3567
rate_flip: 0.5 threshold: 0.54 acc: 0.3200
rate_flip: 0.5 threshold: 0.55 acc: 0.3200
rate_flip: 0.5 threshold: 0.56 acc: 0.3133
rate_flip: 0.5 threshold: 0.57 acc: 0.3133
rate_flip: 0.5 threshold: 0.58 acc: 0.3333
rate_flip: 0.5 threshold: 0.59 acc: 0.3333
rate_flip: 0.5 threshold: 0.6 acc: 0.3333
rate_flip: 0.5 threshold: 0.61 acc: 0.3333
rate_flip: 0.5 threshold: 0.62 acc: 0.3333
rate_flip: 0.5 threshold: 0.63 acc: 0.3333
rate_flip: 0.5 threshold: 0.64 acc: 0.3333
rate_flip: 0.5 threshold: 0.65 acc: 0.3333
rate_flip: 0.5 threshold: 0.66 acc: 0.3333
rate_flip: 0.5 threshold: 0.67 acc: 0.3333
rate_flip: 0.5 threshold: 0.68 acc: 0.3333
rate_flip: 0.5 threshold: 0.69 acc: 0.3333
rate_flip: 0.5 threshold: 0.7 acc: 0.3333
rate_flip: 0.5 threshold: 0.71 acc: 0.3333
rate_flip: 0.5 threshold: 0.72 acc: 0.3333
rate_flip: 0.5 threshold: 0.73 acc: 0.3333
rate_flip: 0.5 threshold: 0.74 acc: 0.3333
rate_flip: 0.5 threshold: 0.75 acc: 0.3333
rate_flip: 0.5 threshold: 0.76 acc: 0.3333
rate_flip: 0.5 threshold: 0.77 acc: 0.3333
rate_flip: 0.5 threshold: 0.78 acc: 0.3333
rate_flip: 0.5 threshold: 0.79 acc: 0.3333
rate_flip: 0.5 threshold: 0.8 acc: 0.3333
rate_flip: 0.5 threshold: 0.81 acc: 0.3333
rate_flip: 0.5 threshold: 0.82 acc: 0.3333
rate_flip: 0.5 threshold: 0.83 acc: 0.3333
rate_flip: 0.5 threshold: 0.84 acc: 0.3333
rate_flip: 0.5 threshold: 0.85 acc: 0.3333
rate_flip: 0.5 threshold: 0.86 acc: 0.3333
rate_flip: 0.5 threshold: 0.87 acc: 0.3333
rate_flip: 0.5 threshold: 0.88 acc: 0.3333
rate_flip: 0.5 threshold: 0.89 acc: 0.3333
rate_flip: 0.5 threshold: 0.9 acc: 0.3333
rate_flip: 0.5 threshold: 0.91 acc: 0.3333
rate_flip: 0.5 threshold: 0.92 acc: 0.3333
rate_flip: 0.5 threshold: 0.93 acc: 0.3333
rate_flip: 0.5 threshold: 0.94 acc: 0.3333
rate_flip: 0.5 threshold: 0.95 acc: 0.3333
rate_flip: 0.5 threshold: 0.96 acc: 0.3333
rate_flip: 0.5 threshold: 0.97 acc: 0.3333
rate_flip: 0.5 threshold: 0.98 acc: 0.3333
rate_flip: 0.5 threshold: 0.99 acc: 0.3333
rate_flip: 0.5 threshold: 1.0 acc: 0.3333
4 D c
rate_flip: 0.55 threshold: 0.0 acc: 0.3333
rate_flip: 0.55 threshold: 0.01 acc: 0.3333
rate_flip: 0.55 threshold: 0.02 acc: 0.3333
rate_flip: 0.55 threshold: 0.03 acc: 0.3333
rate_flip: 0.55 threshold: 0.04 acc: 0.3333
rate_flip: 0.55 threshold: 0.05 acc: 0.3333
rate_flip: 0.55 threshold: 0.06 acc: 0.3333
rate_flip: 0.55 threshold: 0.07 acc: 0.3333
rate_flip: 0.55 threshold: 0.08 acc: 0.3333
rate_flip: 0.55 threshold: 0.09 acc: 0.3333
rate_flip: 0.55 threshold: 0.1 acc: 0.3333
rate_flip: 0.55 threshold: 0.11 acc: 0.3333
rate_flip: 0.55 threshold: 0.12 acc: 0.3333
rate_flip: 0.55 threshold: 0.13 acc: 0.3333
rate_flip: 0.55 threshold: 0.14 acc: 0.3333
rate_flip: 0.55 threshold: 0.15 acc: 0.3333
rate_flip: 0.55 threshold: 0.16 acc: 0.3333
rate_flip: 0.55 threshold: 0.17 acc: 0.3333
rate_flip: 0.55 threshold: 0.18 acc: 0.3333
rate_flip: 0.55 threshold: 0.19 acc: 0.3333
rate_flip: 0.55 threshold: 0.2 acc: 0.3333
rate_flip: 0.55 threshold: 0.21 acc: 0.3333
rate_flip: 0.55 threshold: 0.22 acc: 0.3333
rate_flip: 0.55 threshold: 0.23 acc: 0.3333
rate_flip: 0.55 threshold: 0.24 acc: 0.3333
rate_flip: 0.55 threshold: 0.25 acc: 0.3333
rate_flip: 0.55 threshold: 0.26 acc: 0.3333
rate_flip: 0.55 threshold: 0.27 acc: 0.3333
rate_flip: 0.55 threshold: 0.28 acc: 0.3333
rate_flip: 0.55 threshold: 0.29 acc: 0.3333
rate_flip: 0.55 threshold: 0.3 acc: 0.3333
rate_flip: 0.55 threshold: 0.31 acc: 0.3333
rate_flip: 0.55 threshold: 0.32 acc: 0.3333
rate_flip: 0.55 threshold: 0.33 acc: 0.3333
rate_flip: 0.55 threshold: 0.34 acc: 0.3333
rate_flip: 0.55 threshold: 0.35 acc: 0.3333
rate_flip: 0.55 threshold: 0.36 acc: 0.3333
rate_flip: 0.55 threshold: 0.37 acc: 0.3333
rate_flip: 0.55 threshold: 0.38 acc: 0.3333
rate_flip: 0.55 threshold: 0.39 acc: 0.3333
rate_flip: 0.55 threshold: 0.4 acc: 0.3067
rate_flip: 0.55 threshold: 0.41 acc: 0.3867
rate_flip: 0.55 threshold: 0.42 acc: 0.3967
rate_flip: 0.55 threshold: 0.43 acc: 0.5100
rate_flip: 0.55 threshold: 0.44 acc: 0.6200
rate_flip: 0.55 threshold: 0.45 acc: 0.6967
rate_flip: 0.55 threshold: 0.46 acc: 0.7567
rate_flip: 0.55 threshold: 0.47 acc: 0.7967
rate_flip: 0.55 threshold: 0.48 acc: 0.8300
rate_flip: 0.55 threshold: 0.49 acc: 0.8467
rate_flip: 0.55 threshold: 0.5 acc: 0.8367
rate_flip: 0.55 threshold: 0.51 acc: 0.8200
rate_flip: 0.55 threshold: 0.52 acc: 0.7100
rate_flip: 0.55 threshold: 0.53 acc: 0.6067
rate_flip: 0.55 threshold: 0.54 acc: 0.5067
rate_flip: 0.55 threshold: 0.55 acc: 0.4667
rate_flip: 0.55 threshold: 0.56 acc: 0.4633
rate_flip: 0.55 threshold: 0.57 acc: 0.4100
rate_flip: 0.55 threshold: 0.58 acc: 0.3867
rate_flip: 0.55 threshold: 0.59 acc: 0.3700
rate_flip: 0.55 threshold: 0.6 acc: 0.3467
rate_flip: 0.55 threshold: 0.61 acc: 0.3333
rate_flip: 0.55 threshold: 0.62 acc: 0.3333
rate_flip: 0.55 threshold: 0.63 acc: 0.3333
rate_flip: 0.55 threshold: 0.64 acc: 0.3333
rate_flip: 0.55 threshold: 0.65 acc: 0.3333
rate_flip: 0.55 threshold: 0.66 acc: 0.3333
rate_flip: 0.55 threshold: 0.67 acc: 0.3333
rate_flip: 0.55 threshold: 0.68 acc: 0.3333
rate_flip: 0.55 threshold: 0.69 acc: 0.3333
rate_flip: 0.55 threshold: 0.7 acc: 0.3333
rate_flip: 0.55 threshold: 0.71 acc: 0.3333
rate_flip: 0.55 threshold: 0.72 acc: 0.3333
rate_flip: 0.55 threshold: 0.73 acc: 0.3333
rate_flip: 0.55 threshold: 0.74 acc: 0.3333
rate_flip: 0.55 threshold: 0.75 acc: 0.3333
rate_flip: 0.55 threshold: 0.76 acc: 0.3333
rate_flip: 0.55 threshold: 0.77 acc: 0.3333
rate_flip: 0.55 threshold: 0.78 acc: 0.3333
rate_flip: 0.55 threshold: 0.79 acc: 0.3333
rate_flip: 0.55 threshold: 0.8 acc: 0.3333
rate_flip: 0.55 threshold: 0.81 acc: 0.3333
rate_flip: 0.55 threshold: 0.82 acc: 0.3333
rate_flip: 0.55 threshold: 0.83 acc: 0.3333
rate_flip: 0.55 threshold: 0.84 acc: 0.3333
rate_flip: 0.55 threshold: 0.85 acc: 0.3333
rate_flip: 0.55 threshold: 0.86 acc: 0.3333
rate_flip: 0.55 threshold: 0.87 acc: 0.3333
rate_flip: 0.55 threshold: 0.88 acc: 0.3333
rate_flip: 0.55 threshold: 0.89 acc: 0.3333
rate_flip: 0.55 threshold: 0.9 acc: 0.3333
rate_flip: 0.55 threshold: 0.91 acc: 0.3333
rate_flip: 0.55 threshold: 0.92 acc: 0.3333
rate_flip: 0.55 threshold: 0.93 acc: 0.3333
rate_flip: 0.55 threshold: 0.94 acc: 0.3333
rate_flip: 0.55 threshold: 0.95 acc: 0.3333
rate_flip: 0.55 threshold: 0.96 acc: 0.3333
rate_flip: 0.55 threshold: 0.97 acc: 0.3333
rate_flip: 0.55 threshold: 0.98 acc: 0.3333
rate_flip: 0.55 threshold: 0.99 acc: 0.3333
rate_flip: 0.55 threshold: 1.0 acc: 0.3333
5 * m
rate_flip: 0.6 threshold: 0.0 acc: 0.3333
rate_flip: 0.6 threshold: 0.01 acc: 0.3333
rate_flip: 0.6 threshold: 0.02 acc: 0.3333
rate_flip: 0.6 threshold: 0.03 acc: 0.3333
rate_flip: 0.6 threshold: 0.04 acc: 0.3333
rate_flip: 0.6 threshold: 0.05 acc: 0.3333
rate_flip: 0.6 threshold: 0.06 acc: 0.3333
rate_flip: 0.6 threshold: 0.07 acc: 0.3333
rate_flip: 0.6 threshold: 0.08 acc: 0.3333
rate_flip: 0.6 threshold: 0.09 acc: 0.3333
rate_flip: 0.6 threshold: 0.1 acc: 0.3333
rate_flip: 0.6 threshold: 0.11 acc: 0.3333
rate_flip: 0.6 threshold: 0.12 acc: 0.3333
rate_flip: 0.6 threshold: 0.13 acc: 0.3333
rate_flip: 0.6 threshold: 0.14 acc: 0.3333
rate_flip: 0.6 threshold: 0.15 acc: 0.3333
rate_flip: 0.6 threshold: 0.16 acc: 0.3333
rate_flip: 0.6 threshold: 0.17 acc: 0.3333
rate_flip: 0.6 threshold: 0.18 acc: 0.3333
rate_flip: 0.6 threshold: 0.19 acc: 0.3333
rate_flip: 0.6 threshold: 0.2 acc: 0.3333
rate_flip: 0.6 threshold: 0.21 acc: 0.3333
rate_flip: 0.6 threshold: 0.22 acc: 0.3333
rate_flip: 0.6 threshold: 0.23 acc: 0.3333
rate_flip: 0.6 threshold: 0.24 acc: 0.3333
rate_flip: 0.6 threshold: 0.25 acc: 0.3333
rate_flip: 0.6 threshold: 0.26 acc: 0.3333
rate_flip: 0.6 threshold: 0.27 acc: 0.3333
rate_flip: 0.6 threshold: 0.28 acc: 0.3333
rate_flip: 0.6 threshold: 0.29 acc: 0.3333
rate_flip: 0.6 threshold: 0.3 acc: 0.3333
rate_flip: 0.6 threshold: 0.31 acc: 0.3333
rate_flip: 0.6 threshold: 0.32 acc: 0.3333
rate_flip: 0.6 threshold: 0.33 acc: 0.3333
rate_flip: 0.6 threshold: 0.34 acc: 0.3333
rate_flip: 0.6 threshold: 0.35 acc: 0.3333
rate_flip: 0.6 threshold: 0.36 acc: 0.3333
rate_flip: 0.6 threshold: 0.37 acc: 0.5567
rate_flip: 0.6 threshold: 0.38 acc: 0.7167
rate_flip: 0.6 threshold: 0.39 acc: 0.8500
rate_flip: 0.6 threshold: 0.4 acc: 0.9333
rate_flip: 0.6 threshold: 0.41 acc: 0.9767
rate_flip: 0.6 threshold: 0.42 acc: 0.9833
rate_flip: 0.6 threshold: 0.43 acc: 0.9900
rate_flip: 0.6 threshold: 0.44 acc: 0.9867
rate_flip: 0.6 threshold: 0.45 acc: 0.9867
rate_flip: 0.6 threshold: 0.46 acc: 0.9933
rate_flip: 0.6 threshold: 0.47 acc: 0.9933
rate_flip: 0.6 threshold: 0.48 acc: 0.9933
rate_flip: 0.6 threshold: 0.49 acc: 0.9933
rate_flip: 0.6 threshold: 0.5 acc: 0.9933
rate_flip: 0.6 threshold: 0.51 acc: 0.9933
rate_flip: 0.6 threshold: 0.52 acc: 0.9933
rate_flip: 0.6 threshold: 0.53 acc: 0.9933
rate_flip: 0.6 threshold: 0.54 acc: 0.9933
rate_flip: 0.6 threshold: 0.55 acc: 0.9900
rate_flip: 0.6 threshold: 0.56 acc: 0.9867
rate_flip: 0.6 threshold: 0.57 acc: 0.9533
rate_flip: 0.6 threshold: 0.58 acc: 0.8433
rate_flip: 0.6 threshold: 0.59 acc: 0.6633
rate_flip: 0.6 threshold: 0.6 acc: 0.5333
rate_flip: 0.6 threshold: 0.61 acc: 0.4667
rate_flip: 0.6 threshold: 0.62 acc: 0.3700
rate_flip: 0.6 threshold: 0.63 acc: 0.3967
rate_flip: 0.6 threshold: 0.64 acc: 0.3567
rate_flip: 0.6 threshold: 0.65 acc: 0.3300
rate_flip: 0.6 threshold: 0.66 acc: 0.3333
rate_flip: 0.6 threshold: 0.67 acc: 0.3333
rate_flip: 0.6 threshold: 0.68 acc: 0.3333
rate_flip: 0.6 threshold: 0.69 acc: 0.3333
rate_flip: 0.6 threshold: 0.7 acc: 0.3333
rate_flip: 0.6 threshold: 0.71 acc: 0.3333
rate_flip: 0.6 threshold: 0.72 acc: 0.3333
rate_flip: 0.6 threshold: 0.73 acc: 0.3333
rate_flip: 0.6 threshold: 0.74 acc: 0.3333
rate_flip: 0.6 threshold: 0.75 acc: 0.3333
rate_flip: 0.6 threshold: 0.76 acc: 0.3333
rate_flip: 0.6 threshold: 0.77 acc: 0.3333
rate_flip: 0.6 threshold: 0.78 acc: 0.3333
rate_flip: 0.6 threshold: 0.79 acc: 0.3333
rate_flip: 0.6 threshold: 0.8 acc: 0.3333
rate_flip: 0.6 threshold: 0.81 acc: 0.3333
rate_flip: 0.6 threshold: 0.82 acc: 0.3333
rate_flip: 0.6 threshold: 0.83 acc: 0.3333
rate_flip: 0.6 threshold: 0.84 acc: 0.3333
rate_flip: 0.6 threshold: 0.85 acc: 0.3333
rate_flip: 0.6 threshold: 0.86 acc: 0.3333
rate_flip: 0.6 threshold: 0.87 acc: 0.3333
rate_flip: 0.6 threshold: 0.88 acc: 0.3333
rate_flip: 0.6 threshold: 0.89 acc: 0.3333
rate_flip: 0.6 threshold: 0.9 acc: 0.3333
rate_flip: 0.6 threshold: 0.91 acc: 0.3333
rate_flip: 0.6 threshold: 0.92 acc: 0.3333
rate_flip: 0.6 threshold: 0.93 acc: 0.3333
rate_flip: 0.6 threshold: 0.94 acc: 0.3333
rate_flip: 0.6 threshold: 0.95 acc: 0.3333
rate_flip: 0.6 threshold: 0.96 acc: 0.3333
rate_flip: 0.6 threshold: 0.97 acc: 0.3333
rate_flip: 0.6 threshold: 0.98 acc: 0.3333
rate_flip: 0.6 threshold: 0.99 acc: 0.3333
rate_flip: 0.6 threshold: 1.0 acc: 0.3333
6 + y
rate_flip: 0.8 threshold: 0.0 acc: 0.3333
rate_flip: 0.8 threshold: 0.01 acc: 0.3333
rate_flip: 0.8 threshold: 0.02 acc: 0.3333
rate_flip: 0.8 threshold: 0.03 acc: 0.3333
rate_flip: 0.8 threshold: 0.04 acc: 0.3333
rate_flip: 0.8 threshold: 0.05 acc: 0.3333
rate_flip: 0.8 threshold: 0.06 acc: 0.3333
rate_flip: 0.8 threshold: 0.07 acc: 0.3333
rate_flip: 0.8 threshold: 0.08 acc: 0.3333
rate_flip: 0.8 threshold: 0.09 acc: 0.3333
rate_flip: 0.8 threshold: 0.1 acc: 0.3333
rate_flip: 0.8 threshold: 0.11 acc: 0.3333
rate_flip: 0.8 threshold: 0.12 acc: 0.3333
rate_flip: 0.8 threshold: 0.13 acc: 0.3333
rate_flip: 0.8 threshold: 0.14 acc: 0.3333
rate_flip: 0.8 threshold: 0.15 acc: 0.3333
rate_flip: 0.8 threshold: 0.16 acc: 0.3333
rate_flip: 0.8 threshold: 0.17 acc: 0.8200
rate_flip: 0.8 threshold: 0.18 acc: 0.9700
rate_flip: 0.8 threshold: 0.19 acc: 1.0000
rate_flip: 0.8 threshold: 0.2 acc: 1.0000
rate_flip: 0.8 threshold: 0.21 acc: 1.0000
rate_flip: 0.8 threshold: 0.22 acc: 1.0000
rate_flip: 0.8 threshold: 0.23 acc: 1.0000
rate_flip: 0.8 threshold: 0.24 acc: 1.0000
rate_flip: 0.8 threshold: 0.25 acc: 1.0000
rate_flip: 0.8 threshold: 0.26 acc: 1.0000
rate_flip: 0.8 threshold: 0.27 acc: 1.0000
rate_flip: 0.8 threshold: 0.28 acc: 1.0000
rate_flip: 0.8 threshold: 0.29 acc: 1.0000
rate_flip: 0.8 threshold: 0.3 acc: 1.0000
rate_flip: 0.8 threshold: 0.31 acc: 1.0000
rate_flip: 0.8 threshold: 0.32 acc: 1.0000
rate_flip: 0.8 threshold: 0.33 acc: 1.0000
rate_flip: 0.8 threshold: 0.34 acc: 1.0000
rate_flip: 0.8 threshold: 0.35 acc: 1.0000
rate_flip: 0.8 threshold: 0.36 acc: 1.0000
rate_flip: 0.8 threshold: 0.37 acc: 1.0000
rate_flip: 0.8 threshold: 0.38 acc: 1.0000
rate_flip: 0.8 threshold: 0.39 acc: 1.0000
rate_flip: 0.8 threshold: 0.4 acc: 1.0000
rate_flip: 0.8 threshold: 0.41 acc: 1.0000
rate_flip: 0.8 threshold: 0.42 acc: 1.0000
rate_flip: 0.8 threshold: 0.43 acc: 1.0000
rate_flip: 0.8 threshold: 0.44 acc: 1.0000
rate_flip: 0.8 threshold: 0.45 acc: 1.0000
rate_flip: 0.8 threshold: 0.46 acc: 1.0000
rate_flip: 0.8 threshold: 0.47 acc: 1.0000
rate_flip: 0.8 threshold: 0.48 acc: 1.0000
rate_flip: 0.8 threshold: 0.49 acc: 1.0000
rate_flip: 0.8 threshold: 0.5 acc: 1.0000
rate_flip: 0.8 threshold: 0.51 acc: 1.0000
rate_flip: 0.8 threshold: 0.52 acc: 1.0000
rate_flip: 0.8 threshold: 0.53 acc: 1.0000
rate_flip: 0.8 threshold: 0.54 acc: 1.0000
rate_flip: 0.8 threshold: 0.55 acc: 1.0000
rate_flip: 0.8 threshold: 0.56 acc: 1.0000
rate_flip: 0.8 threshold: 0.57 acc: 1.0000
rate_flip: 0.8 threshold: 0.58 acc: 1.0000
rate_flip: 0.8 threshold: 0.59 acc: 1.0000
rate_flip: 0.8 threshold: 0.6 acc: 1.0000
rate_flip: 0.8 threshold: 0.61 acc: 1.0000
rate_flip: 0.8 threshold: 0.62 acc: 1.0000
rate_flip: 0.8 threshold: 0.63 acc: 1.0000
rate_flip: 0.8 threshold: 0.64 acc: 1.0000
rate_flip: 0.8 threshold: 0.65 acc: 1.0000
rate_flip: 0.8 threshold: 0.66 acc: 1.0000
rate_flip: 0.8 threshold: 0.67 acc: 1.0000
rate_flip: 0.8 threshold: 0.68 acc: 1.0000
rate_flip: 0.8 threshold: 0.69 acc: 1.0000
rate_flip: 0.8 threshold: 0.7 acc: 1.0000
rate_flip: 0.8 threshold: 0.71 acc: 1.0000
rate_flip: 0.8 threshold: 0.72 acc: 1.0000
rate_flip: 0.8 threshold: 0.73 acc: 1.0000
rate_flip: 0.8 threshold: 0.74 acc: 1.0000
rate_flip: 0.8 threshold: 0.75 acc: 1.0000
rate_flip: 0.8 threshold: 0.76 acc: 1.0000
rate_flip: 0.8 threshold: 0.77 acc: 1.0000
rate_flip: 0.8 threshold: 0.78 acc: 1.0000
rate_flip: 0.8 threshold: 0.79 acc: 0.9900
rate_flip: 0.8 threshold: 0.8 acc: 0.9233
rate_flip: 0.8 threshold: 0.81 acc: 0.5767
rate_flip: 0.8 threshold: 0.82 acc: 0.4000
rate_flip: 0.8 threshold: 0.83 acc: 0.3333
rate_flip: 0.8 threshold: 0.84 acc: 0.3567
rate_flip: 0.8 threshold: 0.85 acc: 0.3333
rate_flip: 0.8 threshold: 0.86 acc: 0.3333
rate_flip: 0.8 threshold: 0.87 acc: 0.3333
rate_flip: 0.8 threshold: 0.88 acc: 0.3333
rate_flip: 0.8 threshold: 0.89 acc: 0.3333
rate_flip: 0.8 threshold: 0.9 acc: 0.3333
rate_flip: 0.8 threshold: 0.91 acc: 0.3333
rate_flip: 0.8 threshold: 0.92 acc: 0.3333
rate_flip: 0.8 threshold: 0.93 acc: 0.3333
rate_flip: 0.8 threshold: 0.94 acc: 0.3333
rate_flip: 0.8 threshold: 0.95 acc: 0.3333
rate_flip: 0.8 threshold: 0.96 acc: 0.3333
rate_flip: 0.8 threshold: 0.97 acc: 0.3333
rate_flip: 0.8 threshold: 0.98 acc: 0.3333
rate_flip: 0.8 threshold: 0.99 acc: 0.3333
rate_flip: 0.8 threshold: 1.0 acc: 0.3333
