rate_flip: 0.0 acc: 1.0000
rate_flip: 0.01 acc: 1.0000
rate_flip: 0.02 acc: 1.0000
rate_flip: 0.03 acc: 1.0000
rate_flip: 0.04 acc: 1.0000
rate_flip: 0.05 acc: 1.0000
rate_flip: 0.06 acc: 1.0000
rate_flip: 0.07 acc: 1.0000
rate_flip: 0.08 acc: 1.0000
rate_flip: 0.09 acc: 1.0000
rate_flip: 0.1 acc: 1.0000
rate_flip: 0.11 acc: 1.0000
rate_flip: 0.12 acc: 1.0000
rate_flip: 0.13 acc: 1.0000
rate_flip: 0.14 acc: 1.0000
rate_flip: 0.15 acc: 1.0000
rate_flip: 0.16 acc: 1.0000
rate_flip: 0.17 acc: 1.0000
rate_flip: 0.18 acc: 1.0000
rate_flip: 0.19 acc: 1.0000
rate_flip: 0.2 acc: 1.0000
rate_flip: 0.21 acc: 1.0000
rate_flip: 0.22 acc: 1.0000
rate_flip: 0.23 acc: 1.0000
rate_flip: 0.24 acc: 1.0000
rate_flip: 0.25 acc: 1.0000
rate_flip: 0.26 acc: 1.0000
rate_flip: 0.27 acc: 1.0000
rate_flip: 0.28 acc: 1.0000
rate_flip: 0.29 acc: 1.0000
rate_flip: 0.3 acc: 1.0000
rate_flip: 0.31 acc: 1.0000
rate_flip: 0.32 acc: 1.0000
rate_flip: 0.33 acc: 1.0000
rate_flip: 0.34 acc: 1.0000
rate_flip: 0.35 acc: 1.0000
rate_flip: 0.36 acc: 1.0000
rate_flip: 0.37 acc: 1.0000
rate_flip: 0.38 acc: 0.9967
rate_flip: 0.39 acc: 0.9933
rate_flip: 0.4 acc: 0.9900
rate_flip: 0.41 acc: 0.9800
rate_flip: 0.42 acc: 0.9600
rate_flip: 0.43 acc: 0.9467
rate_flip: 0.44 acc: 0.8567
rate_flip: 0.45 acc: 0.8333
rate_flip: 0.46 acc: 0.7767
rate_flip: 0.47 acc: 0.6667
rate_flip: 0.48 acc: 0.5367
rate_flip: 0.49 acc: 0.3800
rate_flip: 0.5 acc: 0.3533
rate_flip: 0.51 acc: 0.2400
rate_flip: 0.52 acc: 0.1467
rate_flip: 0.53 acc: 0.0833
rate_flip: 0.54 acc: 0.0533
rate_flip: 0.55 acc: 0.0233
rate_flip: 0.56 acc: 0.0067
rate_flip: 0.57 acc: 0.0167
rate_flip: 0.58 acc: 0.0033
rate_flip: 0.59 acc: 0.0000
rate_flip: 0.6 acc: 0.0000
rate_flip: 0.61 acc: 0.0000
rate_flip: 0.62 acc: 0.0000
rate_flip: 0.63 acc: 0.0000
rate_flip: 0.64 acc: 0.0000
rate_flip: 0.65 acc: 0.0000
rate_flip: 0.66 acc: 0.0000
rate_flip: 0.67 acc: 0.0000
rate_flip: 0.68 acc: 0.0000
rate_flip: 0.69 acc: 0.0000
rate_flip: 0.7 acc: 0.0000
rate_flip: 0.71 acc: 0.0000
rate_flip: 0.72 acc: 0.0000
rate_flip: 0.73 acc: 0.0000
rate_flip: 0.74 acc: 0.0000
rate_flip: 0.75 acc: 0.0000
rate_flip: 0.76 acc: 0.0000
rate_flip: 0.77 acc: 0.0000
rate_flip: 0.78 acc: 0.0000
rate_flip: 0.79 acc: 0.0000
rate_flip: 0.8 acc: 0.0000
rate_flip: 0.81 acc: 0.0000
rate_flip: 0.82 acc: 0.0000
rate_flip: 0.83 acc: 0.0000
rate_flip: 0.84 acc: 0.0000
rate_flip: 0.85 acc: 0.0000
rate_flip: 0.86 acc: 0.0000
rate_flip: 0.87 acc: 0.0000
rate_flip: 0.88 acc: 0.0000
rate_flip: 0.89 acc: 0.0000
rate_flip: 0.9 acc: 0.0000
rate_flip: 0.91 acc: 0.0000
rate_flip: 0.92 acc: 0.0000
rate_flip: 0.93 acc: 0.0000
rate_flip: 0.94 acc: 0.0000
rate_flip: 0.95 acc: 0.0000
rate_flip: 0.96 acc: 0.0000
rate_flip: 0.97 acc: 0.0000
rate_flip: 0.98 acc: 0.0000
rate_flip: 0.99 acc: 0.0000
rate_flip: 1.0 acc: 0.0000
