0 x brown
rate_flip: 0.02 threshold: 0.0 sim: 0.0470
rate_flip: 0.02 threshold: 0.01 sim: 0.0644
rate_flip: 0.02 threshold: 0.02 sim: 0.5896
rate_flip: 0.02 threshold: 0.03 sim: 0.9857
rate_flip: 0.02 threshold: 0.04 sim: 0.9998
rate_flip: 0.02 threshold: 0.05 sim: 0.9998
rate_flip: 0.02 threshold: 0.06 sim: 1.0000
rate_flip: 0.02 threshold: 0.07 sim: 1.0000
rate_flip: 0.02 threshold: 0.08 sim: 1.0000
rate_flip: 0.02 threshold: 0.09 sim: 1.0000
rate_flip: 0.02 threshold: 0.1 sim: 1.0000
rate_flip: 0.02 threshold: 0.11 sim: 1.0000
rate_flip: 0.02 threshold: 0.12 sim: 1.0000
rate_flip: 0.02 threshold: 0.13 sim: 1.0000
rate_flip: 0.02 threshold: 0.14 sim: 1.0000
rate_flip: 0.02 threshold: 0.15 sim: 1.0000
rate_flip: 0.02 threshold: 0.16 sim: 1.0000
rate_flip: 0.02 threshold: 0.17 sim: 1.0000
rate_flip: 0.02 threshold: 0.18 sim: 1.0000
rate_flip: 0.02 threshold: 0.19 sim: 1.0000
rate_flip: 0.02 threshold: 0.2 sim: 1.0000
rate_flip: 0.02 threshold: 0.21 sim: 1.0000
rate_flip: 0.02 threshold: 0.22 sim: 1.0000
rate_flip: 0.02 threshold: 0.23 sim: 1.0000
rate_flip: 0.02 threshold: 0.24 sim: 1.0000
rate_flip: 0.02 threshold: 0.25 sim: 1.0000
rate_flip: 0.02 threshold: 0.26 sim: 1.0000
rate_flip: 0.02 threshold: 0.27 sim: 1.0000
rate_flip: 0.02 threshold: 0.28 sim: 1.0000
rate_flip: 0.02 threshold: 0.29 sim: 1.0000
rate_flip: 0.02 threshold: 0.3 sim: 1.0000
rate_flip: 0.02 threshold: 0.31 sim: 1.0000
rate_flip: 0.02 threshold: 0.32 sim: 1.0000
rate_flip: 0.02 threshold: 0.33 sim: 1.0000
rate_flip: 0.02 threshold: 0.34 sim: 1.0000
rate_flip: 0.02 threshold: 0.35 sim: 1.0000
rate_flip: 0.02 threshold: 0.36 sim: 1.0000
rate_flip: 0.02 threshold: 0.37 sim: 1.0000
rate_flip: 0.02 threshold: 0.38 sim: 1.0000
rate_flip: 0.02 threshold: 0.39 sim: 1.0000
rate_flip: 0.02 threshold: 0.4 sim: 1.0000
rate_flip: 0.02 threshold: 0.41 sim: 1.0000
rate_flip: 0.02 threshold: 0.42 sim: 1.0000
rate_flip: 0.02 threshold: 0.43 sim: 1.0000
rate_flip: 0.02 threshold: 0.44 sim: 1.0000
rate_flip: 0.02 threshold: 0.45 sim: 1.0000
rate_flip: 0.02 threshold: 0.46 sim: 1.0000
rate_flip: 0.02 threshold: 0.47 sim: 1.0000
rate_flip: 0.02 threshold: 0.48 sim: 1.0000
rate_flip: 0.02 threshold: 0.49 sim: 1.0000
rate_flip: 0.02 threshold: 0.5 sim: 1.0000
rate_flip: 0.02 threshold: 0.51 sim: 1.0000
rate_flip: 0.02 threshold: 0.52 sim: 1.0000
rate_flip: 0.02 threshold: 0.53 sim: 1.0000
rate_flip: 0.02 threshold: 0.54 sim: 1.0000
rate_flip: 0.02 threshold: 0.55 sim: 1.0000
rate_flip: 0.02 threshold: 0.56 sim: 1.0000
rate_flip: 0.02 threshold: 0.57 sim: 1.0000
rate_flip: 0.02 threshold: 0.58 sim: 1.0000
rate_flip: 0.02 threshold: 0.59 sim: 1.0000
rate_flip: 0.02 threshold: 0.6 sim: 1.0000
rate_flip: 0.02 threshold: 0.61 sim: 1.0000
rate_flip: 0.02 threshold: 0.62 sim: 1.0000
rate_flip: 0.02 threshold: 0.63 sim: 1.0000
rate_flip: 0.02 threshold: 0.64 sim: 1.0000
rate_flip: 0.02 threshold: 0.65 sim: 1.0000
rate_flip: 0.02 threshold: 0.66 sim: 1.0000
rate_flip: 0.02 threshold: 0.67 sim: 1.0000
rate_flip: 0.02 threshold: 0.68 sim: 1.0000
rate_flip: 0.02 threshold: 0.69 sim: 1.0000
rate_flip: 0.02 threshold: 0.7 sim: 1.0000
rate_flip: 0.02 threshold: 0.71 sim: 1.0000
rate_flip: 0.02 threshold: 0.72 sim: 1.0000
rate_flip: 0.02 threshold: 0.73 sim: 1.0000
rate_flip: 0.02 threshold: 0.74 sim: 1.0000
rate_flip: 0.02 threshold: 0.75 sim: 1.0000
rate_flip: 0.02 threshold: 0.76 sim: 1.0000
rate_flip: 0.02 threshold: 0.77 sim: 1.0000
rate_flip: 0.02 threshold: 0.78 sim: 1.0000
rate_flip: 0.02 threshold: 0.79 sim: 1.0000
rate_flip: 0.02 threshold: 0.8 sim: 1.0000
rate_flip: 0.02 threshold: 0.81 sim: 1.0000
rate_flip: 0.02 threshold: 0.82 sim: 1.0000
rate_flip: 0.02 threshold: 0.83 sim: 1.0000
rate_flip: 0.02 threshold: 0.84 sim: 1.0000
rate_flip: 0.02 threshold: 0.85 sim: 1.0000
rate_flip: 0.02 threshold: 0.86 sim: 1.0000
rate_flip: 0.02 threshold: 0.87 sim: 1.0000
rate_flip: 0.02 threshold: 0.88 sim: 1.0000
rate_flip: 0.02 threshold: 0.89 sim: 1.0000
rate_flip: 0.02 threshold: 0.9 sim: 1.0000
rate_flip: 0.02 threshold: 0.91 sim: 1.0000
rate_flip: 0.02 threshold: 0.92 sim: 1.0000
rate_flip: 0.02 threshold: 0.93 sim: 1.0000
rate_flip: 0.02 threshold: 0.94 sim: 1.0000
rate_flip: 0.02 threshold: 0.95 sim: 1.0000
rate_flip: 0.02 threshold: 0.96 sim: 1.0000
rate_flip: 0.02 threshold: 0.97 sim: 0.9994
rate_flip: 0.02 threshold: 0.98 sim: 0.9760
rate_flip: 0.02 threshold: 0.99 sim: 0.9534
rate_flip: 0.02 threshold: 1.0 sim: 0.9530
1 o r
rate_flip: 0.2 threshold: 0.0 sim: 0.0433
rate_flip: 0.2 threshold: 0.01 sim: 0.0433
rate_flip: 0.2 threshold: 0.02 sim: 0.0433
rate_flip: 0.2 threshold: 0.03 sim: 0.0433
rate_flip: 0.2 threshold: 0.04 sim: 0.0433
rate_flip: 0.2 threshold: 0.05 sim: 0.0433
rate_flip: 0.2 threshold: 0.06 sim: 0.0433
rate_flip: 0.2 threshold: 0.07 sim: 0.0433
rate_flip: 0.2 threshold: 0.08 sim: 0.0433
rate_flip: 0.2 threshold: 0.09 sim: 0.0433
rate_flip: 0.2 threshold: 0.1 sim: 0.0433
rate_flip: 0.2 threshold: 0.11 sim: 0.0433
rate_flip: 0.2 threshold: 0.12 sim: 0.0433
rate_flip: 0.2 threshold: 0.13 sim: 0.0433
rate_flip: 0.2 threshold: 0.14 sim: 0.0433
rate_flip: 0.2 threshold: 0.15 sim: 0.0433
rate_flip: 0.2 threshold: 0.16 sim: 0.0439
rate_flip: 0.2 threshold: 0.17 sim: 0.0549
rate_flip: 0.2 threshold: 0.18 sim: 0.1168
rate_flip: 0.2 threshold: 0.19 sim: 0.2710
rate_flip: 0.2 threshold: 0.2 sim: 0.5406
rate_flip: 0.2 threshold: 0.21 sim: 0.7965
rate_flip: 0.2 threshold: 0.22 sim: 0.9393
rate_flip: 0.2 threshold: 0.23 sim: 0.9886
rate_flip: 0.2 threshold: 0.24 sim: 0.9981
rate_flip: 0.2 threshold: 0.25 sim: 1.0000
rate_flip: 0.2 threshold: 0.26 sim: 1.0000
rate_flip: 0.2 threshold: 0.27 sim: 1.0000
rate_flip: 0.2 threshold: 0.28 sim: 1.0000
rate_flip: 0.2 threshold: 0.29 sim: 1.0000
rate_flip: 0.2 threshold: 0.3 sim: 1.0000
rate_flip: 0.2 threshold: 0.31 sim: 1.0000
rate_flip: 0.2 threshold: 0.32 sim: 1.0000
rate_flip: 0.2 threshold: 0.33 sim: 1.0000
rate_flip: 0.2 threshold: 0.34 sim: 1.0000
rate_flip: 0.2 threshold: 0.35 sim: 1.0000
rate_flip: 0.2 threshold: 0.36 sim: 1.0000
rate_flip: 0.2 threshold: 0.37 sim: 1.0000
rate_flip: 0.2 threshold: 0.38 sim: 1.0000
rate_flip: 0.2 threshold: 0.39 sim: 1.0000
rate_flip: 0.2 threshold: 0.4 sim: 1.0000
rate_flip: 0.2 threshold: 0.41 sim: 1.0000
rate_flip: 0.2 threshold: 0.42 sim: 1.0000
rate_flip: 0.2 threshold: 0.43 sim: 1.0000
rate_flip: 0.2 threshold: 0.44 sim: 1.0000
rate_flip: 0.2 threshold: 0.45 sim: 1.0000
rate_flip: 0.2 threshold: 0.46 sim: 1.0000
rate_flip: 0.2 threshold: 0.47 sim: 1.0000
rate_flip: 0.2 threshold: 0.48 sim: 1.0000
rate_flip: 0.2 threshold: 0.49 sim: 1.0000
rate_flip: 0.2 threshold: 0.5 sim: 1.0000
rate_flip: 0.2 threshold: 0.51 sim: 1.0000
rate_flip: 0.2 threshold: 0.52 sim: 1.0000
rate_flip: 0.2 threshold: 0.53 sim: 1.0000
rate_flip: 0.2 threshold: 0.54 sim: 1.0000
rate_flip: 0.2 threshold: 0.55 sim: 1.0000
rate_flip: 0.2 threshold: 0.56 sim: 1.0000
rate_flip: 0.2 threshold: 0.57 sim: 1.0000
rate_flip: 0.2 threshold: 0.58 sim: 1.0000
rate_flip: 0.2 threshold: 0.59 sim: 1.0000
rate_flip: 0.2 threshold: 0.6 sim: 1.0000
rate_flip: 0.2 threshold: 0.61 sim: 1.0000
rate_flip: 0.2 threshold: 0.62 sim: 1.0000
rate_flip: 0.2 threshold: 0.63 sim: 1.0000
rate_flip: 0.2 threshold: 0.64 sim: 1.0000
rate_flip: 0.2 threshold: 0.65 sim: 1.0000
rate_flip: 0.2 threshold: 0.66 sim: 1.0000
rate_flip: 0.2 threshold: 0.67 sim: 1.0000
rate_flip: 0.2 threshold: 0.68 sim: 1.0000
rate_flip: 0.2 threshold: 0.69 sim: 1.0000
rate_flip: 0.2 threshold: 0.7 sim: 1.0000
rate_flip: 0.2 threshold: 0.71 sim: 1.0000
rate_flip: 0.2 threshold: 0.72 sim: 1.0000
rate_flip: 0.2 threshold: 0.73 sim: 1.0000
rate_flip: 0.2 threshold: 0.74 sim: 1.0000
rate_flip: 0.2 threshold: 0.75 sim: 1.0000
rate_flip: 0.2 threshold: 0.76 sim: 1.0000
rate_flip: 0.2 threshold: 0.77 sim: 0.9992
rate_flip: 0.2 threshold: 0.78 sim: 0.9963
rate_flip: 0.2 threshold: 0.79 sim: 0.9888
rate_flip: 0.2 threshold: 0.8 sim: 0.9789
rate_flip: 0.2 threshold: 0.81 sim: 0.9665
rate_flip: 0.2 threshold: 0.82 sim: 0.9596
rate_flip: 0.2 threshold: 0.83 sim: 0.9576
rate_flip: 0.2 threshold: 0.84 sim: 0.9567
rate_flip: 0.2 threshold: 0.85 sim: 0.9567
rate_flip: 0.2 threshold: 0.86 sim: 0.9567
rate_flip: 0.2 threshold: 0.87 sim: 0.9567
rate_flip: 0.2 threshold: 0.88 sim: 0.9567
rate_flip: 0.2 threshold: 0.89 sim: 0.9567
rate_flip: 0.2 threshold: 0.9 sim: 0.9567
rate_flip: 0.2 threshold: 0.91 sim: 0.9567
rate_flip: 0.2 threshold: 0.92 sim: 0.9567
rate_flip: 0.2 threshold: 0.93 sim: 0.9567
rate_flip: 0.2 threshold: 0.94 sim: 0.9567
rate_flip: 0.2 threshold: 0.95 sim: 0.9567
rate_flip: 0.2 threshold: 0.96 sim: 0.9567
rate_flip: 0.2 threshold: 0.97 sim: 0.9567
rate_flip: 0.2 threshold: 0.98 sim: 0.9567
rate_flip: 0.2 threshold: 0.99 sim: 0.9567
rate_flip: 0.2 threshold: 1.0 sim: 0.9567
2 s b
rate_flip: 0.4 threshold: 0.0 sim: 0.0437
rate_flip: 0.4 threshold: 0.01 sim: 0.0437
rate_flip: 0.4 threshold: 0.02 sim: 0.0437
rate_flip: 0.4 threshold: 0.03 sim: 0.0437
rate_flip: 0.4 threshold: 0.04 sim: 0.0437
rate_flip: 0.4 threshold: 0.05 sim: 0.0437
rate_flip: 0.4 threshold: 0.06 sim: 0.0437
rate_flip: 0.4 threshold: 0.07 sim: 0.0437
rate_flip: 0.4 threshold: 0.08 sim: 0.0437
rate_flip: 0.4 threshold: 0.09 sim: 0.0437
rate_flip: 0.4 threshold: 0.1 sim: 0.0437
rate_flip: 0.4 threshold: 0.11 sim: 0.0437
rate_flip: 0.4 threshold: 0.12 sim: 0.0437
rate_flip: 0.4 threshold: 0.13 sim: 0.0437
rate_flip: 0.4 threshold: 0.14 sim: 0.0437
rate_flip: 0.4 threshold: 0.15 sim: 0.0437
rate_flip: 0.4 threshold: 0.16 sim: 0.0437
rate_flip: 0.4 threshold: 0.17 sim: 0.0437
rate_flip: 0.4 threshold: 0.18 sim: 0.0437
rate_flip: 0.4 threshold: 0.19 sim: 0.0437
rate_flip: 0.4 threshold: 0.2 sim: 0.0437
rate_flip: 0.4 threshold: 0.21 sim: 0.0437
rate_flip: 0.4 threshold: 0.22 sim: 0.0437
rate_flip: 0.4 threshold: 0.23 sim: 0.0437
rate_flip: 0.4 threshold: 0.24 sim: 0.0437
rate_flip: 0.4 threshold: 0.25 sim: 0.0437
rate_flip: 0.4 threshold: 0.26 sim: 0.0437
rate_flip: 0.4 threshold: 0.27 sim: 0.0437
rate_flip: 0.4 threshold: 0.28 sim: 0.0437
rate_flip: 0.4 threshold: 0.29 sim: 0.0437
rate_flip: 0.4 threshold: 0.3 sim: 0.0437
rate_flip: 0.4 threshold: 0.31 sim: 0.0437
rate_flip: 0.4 threshold: 0.32 sim: 0.0437
rate_flip: 0.4 threshold: 0.33 sim: 0.0437
rate_flip: 0.4 threshold: 0.34 sim: 0.0439
rate_flip: 0.4 threshold: 0.35 sim: 0.0449
rate_flip: 0.4 threshold: 0.36 sim: 0.0528
rate_flip: 0.4 threshold: 0.37 sim: 0.0760
rate_flip: 0.4 threshold: 0.38 sim: 0.1526
rate_flip: 0.4 threshold: 0.39 sim: 0.3149
rate_flip: 0.4 threshold: 0.4 sim: 0.5333
rate_flip: 0.4 threshold: 0.41 sim: 0.7530
rate_flip: 0.4 threshold: 0.42 sim: 0.9019
rate_flip: 0.4 threshold: 0.43 sim: 0.9702
rate_flip: 0.4 threshold: 0.44 sim: 0.9928
rate_flip: 0.4 threshold: 0.45 sim: 0.9979
rate_flip: 0.4 threshold: 0.46 sim: 0.9998
rate_flip: 0.4 threshold: 0.47 sim: 1.0000
rate_flip: 0.4 threshold: 0.48 sim: 1.0000
rate_flip: 0.4 threshold: 0.49 sim: 1.0000
rate_flip: 0.4 threshold: 0.5 sim: 1.0000
rate_flip: 0.4 threshold: 0.51 sim: 1.0000
rate_flip: 0.4 threshold: 0.52 sim: 1.0000
rate_flip: 0.4 threshold: 0.53 sim: 1.0000
rate_flip: 0.4 threshold: 0.54 sim: 1.0000
rate_flip: 0.4 threshold: 0.55 sim: 1.0000
rate_flip: 0.4 threshold: 0.56 sim: 0.9992
rate_flip: 0.4 threshold: 0.57 sim: 0.9986
rate_flip: 0.4 threshold: 0.58 sim: 0.9959
rate_flip: 0.4 threshold: 0.59 sim: 0.9878
rate_flip: 0.4 threshold: 0.6 sim: 0.9766
rate_flip: 0.4 threshold: 0.61 sim: 0.9671
rate_flip: 0.4 threshold: 0.62 sim: 0.9600
rate_flip: 0.4 threshold: 0.63 sim: 0.9578
rate_flip: 0.4 threshold: 0.64 sim: 0.9567
rate_flip: 0.4 threshold: 0.65 sim: 0.9563
rate_flip: 0.4 threshold: 0.66 sim: 0.9563
rate_flip: 0.4 threshold: 0.67 sim: 0.9563
rate_flip: 0.4 threshold: 0.68 sim: 0.9563
rate_flip: 0.4 threshold: 0.69 sim: 0.9563
rate_flip: 0.4 threshold: 0.7 sim: 0.9563
rate_flip: 0.4 threshold: 0.71 sim: 0.9563
rate_flip: 0.4 threshold: 0.72 sim: 0.9563
rate_flip: 0.4 threshold: 0.73 sim: 0.9563
rate_flip: 0.4 threshold: 0.74 sim: 0.9563
rate_flip: 0.4 threshold: 0.75 sim: 0.9563
rate_flip: 0.4 threshold: 0.76 sim: 0.9563
rate_flip: 0.4 threshold: 0.77 sim: 0.9563
rate_flip: 0.4 threshold: 0.78 sim: 0.9563
rate_flip: 0.4 threshold: 0.79 sim: 0.9563
rate_flip: 0.4 threshold: 0.8 sim: 0.9563
rate_flip: 0.4 threshold: 0.81 sim: 0.9563
rate_flip: 0.4 threshold: 0.82 sim: 0.9563
rate_flip: 0.4 threshold: 0.83 sim: 0.9563
rate_flip: 0.4 threshold: 0.84 sim: 0.9563
rate_flip: 0.4 threshold: 0.85 sim: 0.9563
rate_flip: 0.4 threshold: 0.86 sim: 0.9563
rate_flip: 0.4 threshold: 0.87 sim: 0.9563
rate_flip: 0.4 threshold: 0.88 sim: 0.9563
rate_flip: 0.4 threshold: 0.89 sim: 0.9563
rate_flip: 0.4 threshold: 0.9 sim: 0.9563
rate_flip: 0.4 threshold: 0.91 sim: 0.9563
rate_flip: 0.4 threshold: 0.92 sim: 0.9563
rate_flip: 0.4 threshold: 0.93 sim: 0.9563
rate_flip: 0.4 threshold: 0.94 sim: 0.9563
rate_flip: 0.4 threshold: 0.95 sim: 0.9563
rate_flip: 0.4 threshold: 0.96 sim: 0.9563
rate_flip: 0.4 threshold: 0.97 sim: 0.9563
rate_flip: 0.4 threshold: 0.98 sim: 0.9563
rate_flip: 0.4 threshold: 0.99 sim: 0.9563
rate_flip: 0.4 threshold: 1.0 sim: 0.9563
3 . g
rate_flip: 0.5 threshold: 0.0 sim: 0.0458
rate_flip: 0.5 threshold: 0.01 sim: 0.0458
rate_flip: 0.5 threshold: 0.02 sim: 0.0458
rate_flip: 0.5 threshold: 0.03 sim: 0.0458
rate_flip: 0.5 threshold: 0.04 sim: 0.0458
rate_flip: 0.5 threshold: 0.05 sim: 0.0458
rate_flip: 0.5 threshold: 0.06 sim: 0.0458
rate_flip: 0.5 threshold: 0.07 sim: 0.0458
rate_flip: 0.5 threshold: 0.08 sim: 0.0458
rate_flip: 0.5 threshold: 0.09 sim: 0.0458
rate_flip: 0.5 threshold: 0.1 sim: 0.0458
rate_flip: 0.5 threshold: 0.11 sim: 0.0458
rate_flip: 0.5 threshold: 0.12 sim: 0.0458
rate_flip: 0.5 threshold: 0.13 sim: 0.0458
rate_flip: 0.5 threshold: 0.14 sim: 0.0458
rate_flip: 0.5 threshold: 0.15 sim: 0.0458
rate_flip: 0.5 threshold: 0.16 sim: 0.0458
rate_flip: 0.5 threshold: 0.17 sim: 0.0458
rate_flip: 0.5 threshold: 0.18 sim: 0.0458
rate_flip: 0.5 threshold: 0.19 sim: 0.0458
rate_flip: 0.5 threshold: 0.2 sim: 0.0458
rate_flip: 0.5 threshold: 0.21 sim: 0.0458
rate_flip: 0.5 threshold: 0.22 sim: 0.0458
rate_flip: 0.5 threshold: 0.23 sim: 0.0458
rate_flip: 0.5 threshold: 0.24 sim: 0.0458
rate_flip: 0.5 threshold: 0.25 sim: 0.0458
rate_flip: 0.5 threshold: 0.26 sim: 0.0458
rate_flip: 0.5 threshold: 0.27 sim: 0.0458
rate_flip: 0.5 threshold: 0.28 sim: 0.0458
rate_flip: 0.5 threshold: 0.29 sim: 0.0458
rate_flip: 0.5 threshold: 0.3 sim: 0.0458
rate_flip: 0.5 threshold: 0.31 sim: 0.0458
rate_flip: 0.5 threshold: 0.32 sim: 0.0458
rate_flip: 0.5 threshold: 0.33 sim: 0.0458
rate_flip: 0.5 threshold: 0.34 sim: 0.0458
rate_flip: 0.5 threshold: 0.35 sim: 0.0458
rate_flip: 0.5 threshold: 0.36 sim: 0.0458
rate_flip: 0.5 threshold: 0.37 sim: 0.0458
rate_flip: 0.5 threshold: 0.38 sim: 0.0458
rate_flip: 0.5 threshold: 0.39 sim: 0.0458
rate_flip: 0.5 threshold: 0.4 sim: 0.0458
rate_flip: 0.5 threshold: 0.41 sim: 0.0458
rate_flip: 0.5 threshold: 0.42 sim: 0.0458
rate_flip: 0.5 threshold: 0.43 sim: 0.0458
rate_flip: 0.5 threshold: 0.44 sim: 0.0458
rate_flip: 0.5 threshold: 0.45 sim: 0.0468
rate_flip: 0.5 threshold: 0.46 sim: 0.0532
rate_flip: 0.5 threshold: 0.47 sim: 0.0807
rate_flip: 0.5 threshold: 0.48 sim: 0.1542
rate_flip: 0.5 threshold: 0.49 sim: 0.3060
rate_flip: 0.5 threshold: 0.5 sim: 0.5170
rate_flip: 0.5 threshold: 0.51 sim: 0.7168
rate_flip: 0.5 threshold: 0.52 sim: 0.8534
rate_flip: 0.5 threshold: 0.53 sim: 0.9248
rate_flip: 0.5 threshold: 0.54 sim: 0.9480
rate_flip: 0.5 threshold: 0.55 sim: 0.9538
rate_flip: 0.5 threshold: 0.56 sim: 0.9540
rate_flip: 0.5 threshold: 0.57 sim: 0.9540
rate_flip: 0.5 threshold: 0.58 sim: 0.9542
rate_flip: 0.5 threshold: 0.59 sim: 0.9542
rate_flip: 0.5 threshold: 0.6 sim: 0.9542
rate_flip: 0.5 threshold: 0.61 sim: 0.9542
rate_flip: 0.5 threshold: 0.62 sim: 0.9542
rate_flip: 0.5 threshold: 0.63 sim: 0.9542
rate_flip: 0.5 threshold: 0.64 sim: 0.9542
rate_flip: 0.5 threshold: 0.65 sim: 0.9542
rate_flip: 0.5 threshold: 0.66 sim: 0.9542
rate_flip: 0.5 threshold: 0.67 sim: 0.9542
rate_flip: 0.5 threshold: 0.68 sim: 0.9542
rate_flip: 0.5 threshold: 0.69 sim: 0.9542
rate_flip: 0.5 threshold: 0.7 sim: 0.9542
rate_flip: 0.5 threshold: 0.71 sim: 0.9542
rate_flip: 0.5 threshold: 0.72 sim: 0.9542
rate_flip: 0.5 threshold: 0.73 sim: 0.9542
rate_flip: 0.5 threshold: 0.74 sim: 0.9542
rate_flip: 0.5 threshold: 0.75 sim: 0.9542
rate_flip: 0.5 threshold: 0.76 sim: 0.9542
rate_flip: 0.5 threshold: 0.77 sim: 0.9542
rate_flip: 0.5 threshold: 0.78 sim: 0.9542
rate_flip: 0.5 threshold: 0.79 sim: 0.9542
rate_flip: 0.5 threshold: 0.8 sim: 0.9542
rate_flip: 0.5 threshold: 0.81 sim: 0.9542
rate_flip: 0.5 threshold: 0.82 sim: 0.9542
rate_flip: 0.5 threshold: 0.83 sim: 0.9542
rate_flip: 0.5 threshold: 0.84 sim: 0.9542
rate_flip: 0.5 threshold: 0.85 sim: 0.9542
rate_flip: 0.5 threshold: 0.86 sim: 0.9542
rate_flip: 0.5 threshold: 0.87 sim: 0.9542
rate_flip: 0.5 threshold: 0.88 sim: 0.9542
rate_flip: 0.5 threshold: 0.89 sim: 0.9542
rate_flip: 0.5 threshold: 0.9 sim: 0.9542
rate_flip: 0.5 threshold: 0.91 sim: 0.9542
rate_flip: 0.5 threshold: 0.92 sim: 0.9542
rate_flip: 0.5 threshold: 0.93 sim: 0.9542
rate_flip: 0.5 threshold: 0.94 sim: 0.9542
rate_flip: 0.5 threshold: 0.95 sim: 0.9542
rate_flip: 0.5 threshold: 0.96 sim: 0.9542
rate_flip: 0.5 threshold: 0.97 sim: 0.9542
rate_flip: 0.5 threshold: 0.98 sim: 0.9542
rate_flip: 0.5 threshold: 0.99 sim: 0.9542
rate_flip: 0.5 threshold: 1.0 sim: 0.9542
4 D c
rate_flip: 0.55 threshold: 0.0 sim: 0.0458
rate_flip: 0.55 threshold: 0.01 sim: 0.0458
rate_flip: 0.55 threshold: 0.02 sim: 0.0458
rate_flip: 0.55 threshold: 0.03 sim: 0.0458
rate_flip: 0.55 threshold: 0.04 sim: 0.0458
rate_flip: 0.55 threshold: 0.05 sim: 0.0458
rate_flip: 0.55 threshold: 0.06 sim: 0.0458
rate_flip: 0.55 threshold: 0.07 sim: 0.0458
rate_flip: 0.55 threshold: 0.08 sim: 0.0458
rate_flip: 0.55 threshold: 0.09 sim: 0.0458
rate_flip: 0.55 threshold: 0.1 sim: 0.0458
rate_flip: 0.55 threshold: 0.11 sim: 0.0458
rate_flip: 0.55 threshold: 0.12 sim: 0.0458
rate_flip: 0.55 threshold: 0.13 sim: 0.0458
rate_flip: 0.55 threshold: 0.14 sim: 0.0458
rate_flip: 0.55 threshold: 0.15 sim: 0.0458
rate_flip: 0.55 threshold: 0.16 sim: 0.0458
rate_flip: 0.55 threshold: 0.17 sim: 0.0458
rate_flip: 0.55 threshold: 0.18 sim: 0.0458
rate_flip: 0.55 threshold: 0.19 sim: 0.0458
rate_flip: 0.55 threshold: 0.2 sim: 0.0458
rate_flip: 0.55 threshold: 0.21 sim: 0.0458
rate_flip: 0.55 threshold: 0.22 sim: 0.0458
rate_flip: 0.55 threshold: 0.23 sim: 0.0458
rate_flip: 0.55 threshold: 0.24 sim: 0.0458
rate_flip: 0.55 threshold: 0.25 sim: 0.0458
rate_flip: 0.55 threshold: 0.26 sim: 0.0458
rate_flip: 0.55 threshold: 0.27 sim: 0.0458
rate_flip: 0.55 threshold: 0.28 sim: 0.0458
rate_flip: 0.55 threshold: 0.29 sim: 0.0458
rate_flip: 0.55 threshold: 0.3 sim: 0.0458
rate_flip: 0.55 threshold: 0.31 sim: 0.0458
rate_flip: 0.55 threshold: 0.32 sim: 0.0458
rate_flip: 0.55 threshold: 0.33 sim: 0.0458
rate_flip: 0.55 threshold: 0.34 sim: 0.0458
rate_flip: 0.55 threshold: 0.35 sim: 0.0458
rate_flip: 0.55 threshold: 0.36 sim: 0.0458
rate_flip: 0.55 threshold: 0.37 sim: 0.0458
rate_flip: 0.55 threshold: 0.38 sim: 0.0458
rate_flip: 0.55 threshold: 0.39 sim: 0.0458
rate_flip: 0.55 threshold: 0.4 sim: 0.0455
rate_flip: 0.55 threshold: 0.41 sim: 0.0449
rate_flip: 0.55 threshold: 0.42 sim: 0.0437
rate_flip: 0.55 threshold: 0.43 sim: 0.0383
rate_flip: 0.55 threshold: 0.44 sim: 0.0321
rate_flip: 0.55 threshold: 0.45 sim: 0.0230
rate_flip: 0.55 threshold: 0.46 sim: 0.0147
rate_flip: 0.55 threshold: 0.47 sim: 0.0064
rate_flip: 0.55 threshold: 0.48 sim: 0.0008
rate_flip: 0.55 threshold: 0.49 sim: 0.0000
rate_flip: 0.55 threshold: 0.5 sim: 0.0014
rate_flip: 0.55 threshold: 0.51 sim: 0.0083
rate_flip: 0.55 threshold: 0.52 sim: 0.0364
rate_flip: 0.55 threshold: 0.53 sim: 0.1178
rate_flip: 0.55 threshold: 0.54 sim: 0.2735
rate_flip: 0.55 threshold: 0.55 sim: 0.4988
rate_flip: 0.55 threshold: 0.56 sim: 0.7122
rate_flip: 0.55 threshold: 0.57 sim: 0.8578
rate_flip: 0.55 threshold: 0.58 sim: 0.9290
rate_flip: 0.55 threshold: 0.59 sim: 0.9464
rate_flip: 0.55 threshold: 0.6 sim: 0.9536
rate_flip: 0.55 threshold: 0.61 sim: 0.9542
rate_flip: 0.55 threshold: 0.62 sim: 0.9542
rate_flip: 0.55 threshold: 0.63 sim: 0.9542
rate_flip: 0.55 threshold: 0.64 sim: 0.9542
rate_flip: 0.55 threshold: 0.65 sim: 0.9542
rate_flip: 0.55 threshold: 0.66 sim: 0.9542
rate_flip: 0.55 threshold: 0.67 sim: 0.9542
rate_flip: 0.55 threshold: 0.68 sim: 0.9542
rate_flip: 0.55 threshold: 0.69 sim: 0.9542
rate_flip: 0.55 threshold: 0.7 sim: 0.9542
rate_flip: 0.55 threshold: 0.71 sim: 0.9542
rate_flip: 0.55 threshold: 0.72 sim: 0.9542
rate_flip: 0.55 threshold: 0.73 sim: 0.9542
rate_flip: 0.55 threshold: 0.74 sim: 0.9542
rate_flip: 0.55 threshold: 0.75 sim: 0.9542
rate_flip: 0.55 threshold: 0.76 sim: 0.9542
rate_flip: 0.55 threshold: 0.77 sim: 0.9542
rate_flip: 0.55 threshold: 0.78 sim: 0.9542
rate_flip: 0.55 threshold: 0.79 sim: 0.9542
rate_flip: 0.55 threshold: 0.8 sim: 0.9542
rate_flip: 0.55 threshold: 0.81 sim: 0.9542
rate_flip: 0.55 threshold: 0.82 sim: 0.9542
rate_flip: 0.55 threshold: 0.83 sim: 0.9542
rate_flip: 0.55 threshold: 0.84 sim: 0.9542
rate_flip: 0.55 threshold: 0.85 sim: 0.9542
rate_flip: 0.55 threshold: 0.86 sim: 0.9542
rate_flip: 0.55 threshold: 0.87 sim: 0.9542
rate_flip: 0.55 threshold: 0.88 sim: 0.9542
rate_flip: 0.55 threshold: 0.89 sim: 0.9542
rate_flip: 0.55 threshold: 0.9 sim: 0.9542
rate_flip: 0.55 threshold: 0.91 sim: 0.9542
rate_flip: 0.55 threshold: 0.92 sim: 0.9542
rate_flip: 0.55 threshold: 0.93 sim: 0.9542
rate_flip: 0.55 threshold: 0.94 sim: 0.9542
rate_flip: 0.55 threshold: 0.95 sim: 0.9542
rate_flip: 0.55 threshold: 0.96 sim: 0.9542
rate_flip: 0.55 threshold: 0.97 sim: 0.9542
rate_flip: 0.55 threshold: 0.98 sim: 0.9542
rate_flip: 0.55 threshold: 0.99 sim: 0.9542
rate_flip: 0.55 threshold: 1.0 sim: 0.9542
5 * m
rate_flip: 0.6 threshold: 0.0 sim: 0.0484
rate_flip: 0.6 threshold: 0.01 sim: 0.0484
rate_flip: 0.6 threshold: 0.02 sim: 0.0484
rate_flip: 0.6 threshold: 0.03 sim: 0.0484
rate_flip: 0.6 threshold: 0.04 sim: 0.0484
rate_flip: 0.6 threshold: 0.05 sim: 0.0484
rate_flip: 0.6 threshold: 0.06 sim: 0.0484
rate_flip: 0.6 threshold: 0.07 sim: 0.0484
rate_flip: 0.6 threshold: 0.08 sim: 0.0484
rate_flip: 0.6 threshold: 0.09 sim: 0.0484
rate_flip: 0.6 threshold: 0.1 sim: 0.0484
rate_flip: 0.6 threshold: 0.11 sim: 0.0484
rate_flip: 0.6 threshold: 0.12 sim: 0.0484
rate_flip: 0.6 threshold: 0.13 sim: 0.0484
rate_flip: 0.6 threshold: 0.14 sim: 0.0484
rate_flip: 0.6 threshold: 0.15 sim: 0.0484
rate_flip: 0.6 threshold: 0.16 sim: 0.0484
rate_flip: 0.6 threshold: 0.17 sim: 0.0484
rate_flip: 0.6 threshold: 0.18 sim: 0.0484
rate_flip: 0.6 threshold: 0.19 sim: 0.0484
rate_flip: 0.6 threshold: 0.2 sim: 0.0484
rate_flip: 0.6 threshold: 0.21 sim: 0.0484
rate_flip: 0.6 threshold: 0.22 sim: 0.0484
rate_flip: 0.6 threshold: 0.23 sim: 0.0484
rate_flip: 0.6 threshold: 0.24 sim: 0.0484
rate_flip: 0.6 threshold: 0.25 sim: 0.0484
rate_flip: 0.6 threshold: 0.26 sim: 0.0484
rate_flip: 0.6 threshold: 0.27 sim: 0.0484
rate_flip: 0.6 threshold: 0.28 sim: 0.0484
rate_flip: 0.6 threshold: 0.29 sim: 0.0484
rate_flip: 0.6 threshold: 0.3 sim: 0.0484
rate_flip: 0.6 threshold: 0.31 sim: 0.0484
rate_flip: 0.6 threshold: 0.32 sim: 0.0484
rate_flip: 0.6 threshold: 0.33 sim: 0.0484
rate_flip: 0.6 threshold: 0.34 sim: 0.0484
rate_flip: 0.6 threshold: 0.35 sim: 0.0484
rate_flip: 0.6 threshold: 0.36 sim: 0.0484
rate_flip: 0.6 threshold: 0.37 sim: 0.0468
rate_flip: 0.6 threshold: 0.38 sim: 0.0412
rate_flip: 0.6 threshold: 0.39 sim: 0.0337
rate_flip: 0.6 threshold: 0.4 sim: 0.0236
rate_flip: 0.6 threshold: 0.41 sim: 0.0120
rate_flip: 0.6 threshold: 0.42 sim: 0.0035
rate_flip: 0.6 threshold: 0.43 sim: 0.0014
rate_flip: 0.6 threshold: 0.44 sim: 0.0002
rate_flip: 0.6 threshold: 0.45 sim: 0.0002
rate_flip: 0.6 threshold: 0.46 sim: 0.0000
rate_flip: 0.6 threshold: 0.47 sim: 0.0000
rate_flip: 0.6 threshold: 0.48 sim: 0.0000
rate_flip: 0.6 threshold: 0.49 sim: 0.0000
rate_flip: 0.6 threshold: 0.5 sim: 0.0000
rate_flip: 0.6 threshold: 0.51 sim: 0.0000
rate_flip: 0.6 threshold: 0.52 sim: 0.0000
rate_flip: 0.6 threshold: 0.53 sim: 0.0000
rate_flip: 0.6 threshold: 0.54 sim: 0.0002
rate_flip: 0.6 threshold: 0.55 sim: 0.0019
rate_flip: 0.6 threshold: 0.56 sim: 0.0083
rate_flip: 0.6 threshold: 0.57 sim: 0.0358
rate_flip: 0.6 threshold: 0.58 sim: 0.1147
rate_flip: 0.6 threshold: 0.59 sim: 0.2650
rate_flip: 0.6 threshold: 0.6 sim: 0.4859
rate_flip: 0.6 threshold: 0.61 sim: 0.7033
rate_flip: 0.6 threshold: 0.62 sim: 0.8557
rate_flip: 0.6 threshold: 0.63 sim: 0.9230
rate_flip: 0.6 threshold: 0.64 sim: 0.9445
rate_flip: 0.6 threshold: 0.65 sim: 0.9503
rate_flip: 0.6 threshold: 0.66 sim: 0.9516
rate_flip: 0.6 threshold: 0.67 sim: 0.9516
rate_flip: 0.6 threshold: 0.68 sim: 0.9516
rate_flip: 0.6 threshold: 0.69 sim: 0.9516
rate_flip: 0.6 threshold: 0.7 sim: 0.9516
rate_flip: 0.6 threshold: 0.71 sim: 0.9516
rate_flip: 0.6 threshold: 0.72 sim: 0.9516
rate_flip: 0.6 threshold: 0.73 sim: 0.9516
rate_flip: 0.6 threshold: 0.74 sim: 0.9516
rate_flip: 0.6 threshold: 0.75 sim: 0.9516
rate_flip: 0.6 threshold: 0.76 sim: 0.9516
rate_flip: 0.6 threshold: 0.77 sim: 0.9516
rate_flip: 0.6 threshold: 0.78 sim: 0.9516
rate_flip: 0.6 threshold: 0.79 sim: 0.9516
rate_flip: 0.6 threshold: 0.8 sim: 0.9516
rate_flip: 0.6 threshold: 0.81 sim: 0.9516
rate_flip: 0.6 threshold: 0.82 sim: 0.9516
rate_flip: 0.6 threshold: 0.83 sim: 0.9516
rate_flip: 0.6 threshold: 0.84 sim: 0.9516
rate_flip: 0.6 threshold: 0.85 sim: 0.9516
rate_flip: 0.6 threshold: 0.86 sim: 0.9516
rate_flip: 0.6 threshold: 0.87 sim: 0.9516
rate_flip: 0.6 threshold: 0.88 sim: 0.9516
rate_flip: 0.6 threshold: 0.89 sim: 0.9516
rate_flip: 0.6 threshold: 0.9 sim: 0.9516
rate_flip: 0.6 threshold: 0.91 sim: 0.9516
rate_flip: 0.6 threshold: 0.92 sim: 0.9516
rate_flip: 0.6 threshold: 0.93 sim: 0.9516
rate_flip: 0.6 threshold: 0.94 sim: 0.9516
rate_flip: 0.6 threshold: 0.95 sim: 0.9516
rate_flip: 0.6 threshold: 0.96 sim: 0.9516
rate_flip: 0.6 threshold: 0.97 sim: 0.9516
rate_flip: 0.6 threshold: 0.98 sim: 0.9516
rate_flip: 0.6 threshold: 0.99 sim: 0.9516
rate_flip: 0.6 threshold: 1.0 sim: 0.9516
6 + y
rate_flip: 0.8 threshold: 0.0 sim: 0.0476
rate_flip: 0.8 threshold: 0.01 sim: 0.0476
rate_flip: 0.8 threshold: 0.02 sim: 0.0476
rate_flip: 0.8 threshold: 0.03 sim: 0.0476
rate_flip: 0.8 threshold: 0.04 sim: 0.0476
rate_flip: 0.8 threshold: 0.05 sim: 0.0476
rate_flip: 0.8 threshold: 0.06 sim: 0.0476
rate_flip: 0.8 threshold: 0.07 sim: 0.0476
rate_flip: 0.8 threshold: 0.08 sim: 0.0476
rate_flip: 0.8 threshold: 0.09 sim: 0.0476
rate_flip: 0.8 threshold: 0.1 sim: 0.0476
rate_flip: 0.8 threshold: 0.11 sim: 0.0476
rate_flip: 0.8 threshold: 0.12 sim: 0.0476
rate_flip: 0.8 threshold: 0.13 sim: 0.0476
rate_flip: 0.8 threshold: 0.14 sim: 0.0476
rate_flip: 0.8 threshold: 0.15 sim: 0.0476
rate_flip: 0.8 threshold: 0.16 sim: 0.0476
rate_flip: 0.8 threshold: 0.17 sim: 0.0466
rate_flip: 0.8 threshold: 0.18 sim: 0.0439
rate_flip: 0.8 threshold: 0.19 sim: 0.0371
rate_flip: 0.8 threshold: 0.2 sim: 0.0217
rate_flip: 0.8 threshold: 0.21 sim: 0.0128
rate_flip: 0.8 threshold: 0.22 sim: 0.0046
rate_flip: 0.8 threshold: 0.23 sim: 0.0006
rate_flip: 0.8 threshold: 0.24 sim: 0.0000
rate_flip: 0.8 threshold: 0.25 sim: 0.0000
rate_flip: 0.8 threshold: 0.26 sim: 0.0000
rate_flip: 0.8 threshold: 0.27 sim: 0.0000
rate_flip: 0.8 threshold: 0.28 sim: 0.0000
rate_flip: 0.8 threshold: 0.29 sim: 0.0000
rate_flip: 0.8 threshold: 0.3 sim: 0.0000
rate_flip: 0.8 threshold: 0.31 sim: 0.0000
rate_flip: 0.8 threshold: 0.32 sim: 0.0000
rate_flip: 0.8 threshold: 0.33 sim: 0.0000
rate_flip: 0.8 threshold: 0.34 sim: 0.0000
rate_flip: 0.8 threshold: 0.35 sim: 0.0000
rate_flip: 0.8 threshold: 0.36 sim: 0.0000
rate_flip: 0.8 threshold: 0.37 sim: 0.0000
rate_flip: 0.8 threshold: 0.38 sim: 0.0000
rate_flip: 0.8 threshold: 0.39 sim: 0.0000
rate_flip: 0.8 threshold: 0.4 sim: 0.0000
rate_flip: 0.8 threshold: 0.41 sim: 0.0000
rate_flip: 0.8 threshold: 0.42 sim: 0.0000
rate_flip: 0.8 threshold: 0.43 sim: 0.0000
rate_flip: 0.8 threshold: 0.44 sim: 0.0000
rate_flip: 0.8 threshold: 0.45 sim: 0.0000
rate_flip: 0.8 threshold: 0.46 sim: 0.0000
rate_flip: 0.8 threshold: 0.47 sim: 0.0000
rate_flip: 0.8 threshold: 0.48 sim: 0.0000
rate_flip: 0.8 threshold: 0.49 sim: 0.0000
rate_flip: 0.8 threshold: 0.5 sim: 0.0000
rate_flip: 0.8 threshold: 0.51 sim: 0.0000
rate_flip: 0.8 threshold: 0.52 sim: 0.0000
rate_flip: 0.8 threshold: 0.53 sim: 0.0000
rate_flip: 0.8 threshold: 0.54 sim: 0.0000
rate_flip: 0.8 threshold: 0.55 sim: 0.0000
rate_flip: 0.8 threshold: 0.56 sim: 0.0000
rate_flip: 0.8 threshold: 0.57 sim: 0.0000
rate_flip: 0.8 threshold: 0.58 sim: 0.0000
rate_flip: 0.8 threshold: 0.59 sim: 0.0000
rate_flip: 0.8 threshold: 0.6 sim: 0.0000
rate_flip: 0.8 threshold: 0.61 sim: 0.0000
rate_flip: 0.8 threshold: 0.62 sim: 0.0000
rate_flip: 0.8 threshold: 0.63 sim: 0.0000
rate_flip: 0.8 threshold: 0.64 sim: 0.0000
rate_flip: 0.8 threshold: 0.65 sim: 0.0000
rate_flip: 0.8 threshold: 0.66 sim: 0.0000
rate_flip: 0.8 threshold: 0.67 sim: 0.0000
rate_flip: 0.8 threshold: 0.68 sim: 0.0000
rate_flip: 0.8 threshold: 0.69 sim: 0.0000
rate_flip: 0.8 threshold: 0.7 sim: 0.0000
rate_flip: 0.8 threshold: 0.71 sim: 0.0000
rate_flip: 0.8 threshold: 0.72 sim: 0.0000
rate_flip: 0.8 threshold: 0.73 sim: 0.0000
rate_flip: 0.8 threshold: 0.74 sim: 0.0000
rate_flip: 0.8 threshold: 0.75 sim: 0.0002
rate_flip: 0.8 threshold: 0.76 sim: 0.0010
rate_flip: 0.8 threshold: 0.77 sim: 0.0126
rate_flip: 0.8 threshold: 0.78 sim: 0.0648
rate_flip: 0.8 threshold: 0.79 sim: 0.2251
rate_flip: 0.8 threshold: 0.8 sim: 0.4915
rate_flip: 0.8 threshold: 0.81 sim: 0.7441
rate_flip: 0.8 threshold: 0.82 sim: 0.8944
rate_flip: 0.8 threshold: 0.83 sim: 0.9439
rate_flip: 0.8 threshold: 0.84 sim: 0.9516
rate_flip: 0.8 threshold: 0.85 sim: 0.9524
rate_flip: 0.8 threshold: 0.86 sim: 0.9524
rate_flip: 0.8 threshold: 0.87 sim: 0.9524
rate_flip: 0.8 threshold: 0.88 sim: 0.9524
rate_flip: 0.8 threshold: 0.89 sim: 0.9524
rate_flip: 0.8 threshold: 0.9 sim: 0.9524
rate_flip: 0.8 threshold: 0.91 sim: 0.9524
rate_flip: 0.8 threshold: 0.92 sim: 0.9524
rate_flip: 0.8 threshold: 0.93 sim: 0.9524
rate_flip: 0.8 threshold: 0.94 sim: 0.9524
rate_flip: 0.8 threshold: 0.95 sim: 0.9524
rate_flip: 0.8 threshold: 0.96 sim: 0.9524
rate_flip: 0.8 threshold: 0.97 sim: 0.9524
rate_flip: 0.8 threshold: 0.98 sim: 0.9524
rate_flip: 0.8 threshold: 0.99 sim: 0.9524
rate_flip: 0.8 threshold: 1.0 sim: 0.9524
